2019-03-09 20:00:45,457 [Worker-3: Loading available Gradle versions] INFO  o.e.b.c.i.u.g.PublishedGradleVersions - Gradle version information cache is up-to-date. Trying to read.
2019-03-09 20:01:25,253 [Worker-11: Importing Maven projects] INFO  o.e.m.c.i.l.LifecycleMappingFactory - Using org.eclipse.m2e.jdt.JarLifecycleMapping lifecycle mapping for MavenProject: gr.aueb.dmst:seip2019:0.0.1-SNAPSHOT @ C:\Users\John\Desktop\seip2019\pom.xml.
2019-03-09 20:01:26,243 [Worker-11: Importing Maven projects] INFO  o.e.m.j.i.AbstractJavaProjectConfigurator - Adding source folder /seip2019/src/main/java
2019-03-09 20:01:26,245 [Worker-11: Importing Maven projects] INFO  o.e.m.j.i.AbstractJavaProjectConfigurator - Adding resource folder /seip2019/src/main/resources
2019-03-09 20:01:26,303 [Worker-11: Importing Maven projects] INFO  o.e.m.j.i.AbstractJavaProjectConfigurator - Adding source folder /seip2019/src/test/java
2019-03-09 20:01:26,304 [Worker-11: Importing Maven projects] INFO  o.e.m.j.i.AbstractJavaProjectConfigurator - Adding resource folder /seip2019/src/test/resources
2019-03-09 20:01:26,451 [Worker-11: Importing Maven projects] INFO  o.e.m.c.i.p.ProjectConfigurationManager - Imported and configured 1 project(s) in 5 sec
2019-03-09 20:01:27,726 [Worker-6: Building workspace] WARN  o.e.m.c.i.embedder.EclipseLogger - Using platform encoding (Cp1253 actually) to copy filtered resources, i.e. build is platform dependent!
2019-03-09 20:01:27,753 [Worker-6: Building workspace] INFO  o.e.m.c.i.embedder.EclipseLogger - Copying 0 resource
2019-03-09 20:01:27,757 [Worker-6: Building workspace] WARN  o.e.m.c.i.embedder.EclipseLogger - Using platform encoding (Cp1253 actually) to copy filtered resources, i.e. build is platform dependent!
2019-03-09 20:01:27,790 [Worker-6: Building workspace] INFO  o.e.m.c.i.embedder.EclipseLogger - Copying 0 resource
2019-03-09 20:13:23,564 [Worker-10: Building workspace] INFO  o.e.m.c.i.l.LifecycleMappingFactory - Using NULL lifecycle mapping for MavenProject: gr.aueb.dmst:seip2019:0.0.1-SNAPSHOT @ C:\Users\John\Desktop\seip2019\pom.xml.
2019-03-09 20:14:16,725 [Worker-11: Creating project "gradeshistogram"] INFO  o.e.m.c.i.l.LifecycleMappingFactory - Using org.eclipse.m2e.jdt.JarLifecycleMapping lifecycle mapping for MavenProject: gr.aueb.dmst:gradeshistogram:0.0.1-SNAPSHOT @ C:\Users\John\Desktop\seip2019\gradeshistogram\pom.xml.
2019-03-09 20:14:17,112 [Worker-11: Creating project "gradeshistogram"] INFO  o.e.m.j.i.AbstractJavaProjectConfigurator - Adding source folder /gradeshistogram/src/main/java
2019-03-09 20:14:17,112 [Worker-11: Creating project "gradeshistogram"] INFO  o.e.m.j.i.AbstractJavaProjectConfigurator - Adding resource folder /gradeshistogram/src/main/resources
2019-03-09 20:14:17,113 [Worker-11: Creating project "gradeshistogram"] INFO  o.e.m.j.i.AbstractJavaProjectConfigurator - Adding source folder /gradeshistogram/src/test/java
2019-03-09 20:14:17,122 [Worker-11: Creating project "gradeshistogram"] INFO  o.e.m.j.i.AbstractJavaProjectConfigurator - Adding resource folder /gradeshistogram/src/test/resources
2019-03-09 20:14:17,752 [Worker-16: Building workspace] WARN  o.e.m.c.i.embedder.EclipseLogger - Using platform encoding (Cp1253 actually) to copy filtered resources, i.e. build is platform dependent!
2019-03-09 20:14:17,764 [Worker-16: Building workspace] INFO  o.e.m.c.i.embedder.EclipseLogger - Copying 0 resource
2019-03-09 20:14:17,769 [Worker-16: Building workspace] WARN  o.e.m.c.i.embedder.EclipseLogger - Using platform encoding (Cp1253 actually) to copy filtered resources, i.e. build is platform dependent!
2019-03-09 20:14:17,790 [Worker-16: Building workspace] INFO  o.e.m.c.i.embedder.EclipseLogger - Copying 0 resource
2019-03-09 20:14:18,946 [Worker-11: Building workspace] INFO  o.e.m.c.i.l.LifecycleMappingFactory - Using NULL lifecycle mapping for MavenProject: gr.aueb.dmst:seip2019:0.0.1-SNAPSHOT @ C:\Users\John\Desktop\seip2019\pom.xml.
2019-03-09 20:14:19,569 [Worker-11: Building workspace] INFO  o.e.m.c.i.l.LifecycleMappingFactory - Using org.eclipse.m2e.jdt.JarLifecycleMapping lifecycle mapping for MavenProject: gr.aueb.dmst:gradeshistogram:0.0.1-SNAPSHOT @ C:\Users\John\Desktop\seip2019\gradeshistogram\pom.xml.
2019-03-09 20:14:21,407 [Worker-11: Building workspace] WARN  o.e.m.c.i.embedder.EclipseLogger - Using platform encoding (Cp1253 actually) to copy filtered resources, i.e. build is platform dependent!
2019-03-09 20:14:21,428 [Worker-11: Building workspace] INFO  o.e.m.c.i.embedder.EclipseLogger - Copying 0 resource
2019-03-09 20:14:21,442 [Worker-11: Building workspace] WARN  o.e.m.c.i.embedder.EclipseLogger - Using platform encoding (Cp1253 actually) to copy filtered resources, i.e. build is platform dependent!
2019-03-09 20:14:21,463 [Worker-11: Building workspace] INFO  o.e.m.c.i.embedder.EclipseLogger - Copying 0 resource
2019-03-09 20:16:40,312 [Worker-10: Building workspace] INFO  o.e.m.c.i.l.LifecycleMappingFactory - Using org.eclipse.m2e.jdt.JarLifecycleMapping lifecycle mapping for MavenProject: gr.aueb.dmst:gradeshistogram:0.0.1-SNAPSHOT @ C:\Users\John\Desktop\seip2019\gradeshistogram\pom.xml.
2019-03-09 20:16:40,531 [Worker-10: Building workspace] WARN  o.e.m.c.i.embedder.EclipseLogger - Using platform encoding (Cp1253 actually) to copy filtered resources, i.e. build is platform dependent!
2019-03-09 20:16:40,559 [Worker-10: Building workspace] INFO  o.e.m.c.i.embedder.EclipseLogger - Copying 0 resource
2019-03-09 20:16:40,572 [Worker-10: Building workspace] WARN  o.e.m.c.i.embedder.EclipseLogger - Using platform encoding (Cp1253 actually) to copy filtered resources, i.e. build is platform dependent!
2019-03-09 20:16:40,581 [Worker-10: Building workspace] INFO  o.e.m.c.i.embedder.EclipseLogger - Copying 0 resource
2019-03-09 20:19:15,540 [Worker-15: reload maven project] INFO  o.e.m.c.i.e.AbstractTransferListenerAdapter - Downloading https://repo.maven.apache.org/maven2/org/jfree/jfreechart/1.5.0/jfreechart-1.5.0.pom
2019-03-09 20:19:15,546 [Worker-16: Building workspace] INFO  o.e.m.c.i.l.LifecycleMappingFactory - Using org.eclipse.m2e.jdt.JarLifecycleMapping lifecycle mapping for MavenProject: gr.aueb.dmst:gradeshistogram:0.0.1-SNAPSHOT @ C:\Users\John\Desktop\seip2019\gradeshistogram\pom.xml.
2019-03-09 20:19:15,712 [Worker-15: reload maven project] INFO  o.e.m.c.i.e.AbstractTransferListenerAdapter - Downloaded https://repo.maven.apache.org/maven2/org/jfree/jfreechart/1.5.0/jfreechart-1.5.0.pom
2019-03-09 20:19:15,832 [Worker-15: reload maven project] INFO  o.e.m.c.i.e.AbstractTransferListenerAdapter - Downloading https://repo.maven.apache.org/maven2/org/jfree/jfreechart/1.5.0/jfreechart-1.5.0.jar
2019-03-09 20:19:15,842 [Worker-16: Building workspace] INFO  o.e.m.c.i.e.AbstractTransferListenerAdapter - Downloading https://repo.maven.apache.org/maven2/org/jfree/jfreechart/1.5.0/jfreechart-1.5.0.pom
2019-03-09 20:19:16,049 [Worker-16: Building workspace] INFO  o.e.m.c.i.e.AbstractTransferListenerAdapter - Downloaded https://repo.maven.apache.org/maven2/org/jfree/jfreechart/1.5.0/jfreechart-1.5.0.pom
2019-03-09 20:19:16,153 [Worker-16: Building workspace] INFO  o.e.m.c.i.e.AbstractTransferListenerAdapter - Downloading https://repo.maven.apache.org/maven2/org/jfree/jfreechart/1.5.0/jfreechart-1.5.0.jar
2019-03-09 20:19:16,962 [Worker-15: reload maven project] INFO  o.e.m.c.i.e.AbstractTransferListenerAdapter - Downloaded https://repo.maven.apache.org/maven2/org/jfree/jfreechart/1.5.0/jfreechart-1.5.0.jar
2019-03-09 20:19:19,374 [Worker-16: Building workspace] INFO  o.e.m.c.i.e.AbstractTransferListenerAdapter - Downloaded https://repo.maven.apache.org/maven2/org/jfree/jfreechart/1.5.0/jfreechart-1.5.0.jar
2019-03-09 20:19:19,730 [Worker-16: Building workspace] WARN  o.e.m.c.i.embedder.EclipseLogger - Using platform encoding (Cp1253 actually) to copy filtered resources, i.e. build is platform dependent!
2019-03-09 20:19:19,747 [Worker-16: Building workspace] INFO  o.e.m.c.i.embedder.EclipseLogger - Copying 0 resource
2019-03-09 20:19:19,757 [Worker-16: Building workspace] WARN  o.e.m.c.i.embedder.EclipseLogger - Using platform encoding (Cp1253 actually) to copy filtered resources, i.e. build is platform dependent!
2019-03-09 20:19:19,773 [Worker-16: Building workspace] INFO  o.e.m.c.i.embedder.EclipseLogger - Copying 0 resource
2019-03-09 20:19:20,939 [Worker-11: Download sources and javadoc] INFO  o.e.m.c.i.e.AbstractTransferListenerAdapter - Downloading https://repo.maven.apache.org/maven2/org/jfree/jfreechart/1.5.0/jfreechart-1.5.0-sources.jar
2019-03-09 20:19:22,135 [Worker-11: Download sources and javadoc] INFO  o.e.m.c.i.e.AbstractTransferListenerAdapter - Downloaded https://repo.maven.apache.org/maven2/org/jfree/jfreechart/1.5.0/jfreechart-1.5.0-sources.jar
2019-03-09 20:19:22,298 [Worker-11: Download sources and javadoc] INFO  o.e.m.j.internal.DownloadSourcesJob - Downloaded sources for org.jfree:jfreechart:1.5.0
2019-03-09 20:19:22,470 [Worker-9: Building workspace] WARN  o.e.m.c.i.embedder.EclipseLogger - Using platform encoding (Cp1253 actually) to copy filtered resources, i.e. build is platform dependent!
2019-03-09 20:19:22,485 [Worker-9: Building workspace] INFO  o.e.m.c.i.embedder.EclipseLogger - Copying 0 resource
2019-03-09 20:19:22,494 [Worker-9: Building workspace] WARN  o.e.m.c.i.embedder.EclipseLogger - Using platform encoding (Cp1253 actually) to copy filtered resources, i.e. build is platform dependent!
2019-03-09 20:19:22,502 [Worker-9: Building workspace] INFO  o.e.m.c.i.embedder.EclipseLogger - Copying 0 resource
2019-03-09 20:20:17,880 [Worker-9: Building workspace] WARN  o.e.m.c.i.embedder.EclipseLogger - Using platform encoding (Cp1253 actually) to copy filtered resources, i.e. build is platform dependent!
2019-03-09 20:20:17,895 [Worker-9: Building workspace] INFO  o.e.m.c.i.embedder.EclipseLogger - Copying 0 resource
2019-03-09 20:20:17,897 [Worker-9: Building workspace] WARN  o.e.m.c.i.embedder.EclipseLogger - Using platform encoding (Cp1253 actually) to copy filtered resources, i.e. build is platform dependent!
2019-03-09 20:20:17,905 [Worker-9: Building workspace] INFO  o.e.m.c.i.embedder.EclipseLogger - Copying 0 resource
2019-03-09 20:20:19,006 [Worker-10: Building workspace] WARN  o.e.m.c.i.embedder.EclipseLogger - Using platform encoding (Cp1253 actually) to copy filtered resources, i.e. build is platform dependent!
2019-03-09 20:20:19,024 [Worker-10: Building workspace] INFO  o.e.m.c.i.embedder.EclipseLogger - Copying 0 resource
2019-03-09 20:20:19,034 [Worker-10: Building workspace] WARN  o.e.m.c.i.embedder.EclipseLogger - Using platform encoding (Cp1253 actually) to copy filtered resources, i.e. build is platform dependent!
2019-03-09 20:20:19,044 [Worker-10: Building workspace] INFO  o.e.m.c.i.embedder.EclipseLogger - Copying 0 resource
2019-03-09 20:25:35,210 [Worker-15: Building workspace] INFO  o.e.m.c.i.e.AbstractTransferListenerAdapter - Downloading https://repo.maven.apache.org/maven2/org/apache/maven/plugins/maven-assembly-plugin/2.2-beta-5/maven-assembly-plugin-2.2-beta-5.jar
2019-03-09 20:25:35,855 [Worker-15: Building workspace] INFO  o.e.m.c.i.e.AbstractTransferListenerAdapter - Downloaded https://repo.maven.apache.org/maven2/org/apache/maven/plugins/maven-assembly-plugin/2.2-beta-5/maven-assembly-plugin-2.2-beta-5.jar
2019-03-09 20:25:36,470 [Worker-15: Building workspace] INFO  o.e.m.c.i.l.LifecycleMappingFactory - Using org.eclipse.m2e.jdt.JarLifecycleMapping lifecycle mapping for MavenProject: gr.aueb.dmst:gradeshistogram:0.0.1-SNAPSHOT @ C:\Users\John\Desktop\seip2019\gradeshistogram\pom.xml.
2019-03-09 20:25:36,664 [Worker-15: Building workspace] WARN  o.e.m.c.i.embedder.EclipseLogger - Using platform encoding (Cp1253 actually) to copy filtered resources, i.e. build is platform dependent!
2019-03-09 20:25:36,685 [Worker-15: Building workspace] INFO  o.e.m.c.i.embedder.EclipseLogger - Copying 0 resource
2019-03-09 20:25:36,695 [Worker-15: Building workspace] WARN  o.e.m.c.i.embedder.EclipseLogger - Using platform encoding (Cp1253 actually) to copy filtered resources, i.e. build is platform dependent!
2019-03-09 20:25:36,710 [Worker-15: Building workspace] INFO  o.e.m.c.i.embedder.EclipseLogger - Copying 0 resource
2019-03-09 20:26:22,782 [Worker-16: Building workspace] WARN  o.e.m.c.i.embedder.EclipseLogger - Using platform encoding (Cp1253 actually) to copy filtered resources, i.e. build is platform dependent!
2019-03-09 20:26:22,798 [Worker-16: Building workspace] INFO  o.e.m.c.i.embedder.EclipseLogger - Copying 0 resource
2019-03-09 20:26:22,807 [Worker-16: Building workspace] WARN  o.e.m.c.i.embedder.EclipseLogger - Using platform encoding (Cp1253 actually) to copy filtered resources, i.e. build is platform dependent!
2019-03-09 20:26:22,821 [Worker-16: Building workspace] INFO  o.e.m.c.i.embedder.EclipseLogger - Copying 0 resource
2019-03-09 20:26:50,990 [Worker-15: Building workspace] INFO  o.e.m.c.i.l.LifecycleMappingFactory - Using org.eclipse.m2e.jdt.JarLifecycleMapping lifecycle mapping for MavenProject: gr.aueb.dmst:gradeshistogram:0.0.1-SNAPSHOT @ C:\Users\John\Desktop\seip2019\gradeshistogram\pom.xml.
2019-03-09 20:26:51,168 [Worker-15: Building workspace] WARN  o.e.m.c.i.embedder.EclipseLogger - Using platform encoding (Cp1253 actually) to copy filtered resources, i.e. build is platform dependent!
2019-03-09 20:26:51,185 [Worker-15: Building workspace] INFO  o.e.m.c.i.embedder.EclipseLogger - Copying 0 resource
2019-03-09 20:26:51,194 [Worker-15: Building workspace] WARN  o.e.m.c.i.embedder.EclipseLogger - Using platform encoding (Cp1253 actually) to copy filtered resources, i.e. build is platform dependent!
2019-03-09 20:26:51,202 [Worker-15: Building workspace] INFO  o.e.m.c.i.embedder.EclipseLogger - Copying 0 resource
2019-03-09 20:27:18,990 [Worker-16: Building workspace] INFO  o.e.m.c.i.l.LifecycleMappingFactory - Using org.eclipse.m2e.jdt.JarLifecycleMapping lifecycle mapping for MavenProject: gr.aueb.dmst:gradeshistogram:0.0.1-SNAPSHOT @ C:\Users\John\Desktop\seip2019\gradeshistogram\pom.xml.
2019-03-09 20:27:19,144 [Worker-16: Building workspace] WARN  o.e.m.c.i.embedder.EclipseLogger - Using platform encoding (Cp1253 actually) to copy filtered resources, i.e. build is platform dependent!
2019-03-09 20:27:19,153 [Worker-16: Building workspace] INFO  o.e.m.c.i.embedder.EclipseLogger - Copying 0 resource
2019-03-09 20:27:19,156 [Worker-16: Building workspace] WARN  o.e.m.c.i.embedder.EclipseLogger - Using platform encoding (Cp1253 actually) to copy filtered resources, i.e. build is platform dependent!
2019-03-09 20:27:19,170 [Worker-16: Building workspace] INFO  o.e.m.c.i.embedder.EclipseLogger - Copying 0 resource
2019-03-09 20:32:41,407 [main] INFO  o.e.m2e.actions.ExecutePomAction - Creating new launch configuration
2019-03-09 20:32:47,420 [Worker-16: Launching gradeshistogram] INFO  o.e.m.i.launch.MavenLaunchDelegate - C:\Users\John\Desktop\seip2019\gradeshistogram
2019-03-09 20:32:47,427 [Worker-16: Launching gradeshistogram] INFO  o.e.m.i.launch.MavenLaunchDelegate -  mvn -B 
2019-03-09 20:55:15,268 [Worker-16: Building workspace] WARN  o.e.m.c.i.embedder.EclipseLogger - Using platform encoding (Cp1253 actually) to copy filtered resources, i.e. build is platform dependent!
2019-03-09 20:55:15,279 [Worker-16: Building workspace] INFO  o.e.m.c.i.embedder.EclipseLogger - Copying 0 resource
2019-03-09 20:55:15,288 [Worker-16: Building workspace] WARN  o.e.m.c.i.embedder.EclipseLogger - Using platform encoding (Cp1253 actually) to copy filtered resources, i.e. build is platform dependent!
2019-03-09 20:55:15,309 [Worker-16: Building workspace] INFO  o.e.m.c.i.embedder.EclipseLogger - Copying 0 resource
2019-03-09 21:22:06,113 [Worker-21: Building workspace] WARN  o.e.m.c.i.embedder.EclipseLogger - Using platform encoding (Cp1253 actually) to copy filtered resources, i.e. build is platform dependent!
2019-03-09 21:22:06,129 [Worker-21: Building workspace] INFO  o.e.m.c.i.embedder.EclipseLogger - Copying 0 resource
2019-03-09 21:22:06,131 [Worker-21: Building workspace] WARN  o.e.m.c.i.embedder.EclipseLogger - Using platform encoding (Cp1253 actually) to copy filtered resources, i.e. build is platform dependent!
2019-03-09 21:22:06,146 [Worker-21: Building workspace] INFO  o.e.m.c.i.embedder.EclipseLogger - Copying 0 resource
2019-03-09 21:27:44,414 [Worker-18: Launching Executing install in C__Users_John_Desktop_seip2019] INFO  o.e.m.i.launch.MavenLaunchDelegate - C:\Users\John\Desktop\seip2019
2019-03-09 21:27:44,423 [Worker-18: Launching Executing install in C__Users_John_Desktop_seip2019] INFO  o.e.m.i.launch.MavenLaunchDelegate -  mvn -B install
2019-03-09 21:27:54,647 [Worker-23: Building workspace] WARN  o.e.m.c.i.embedder.EclipseLogger - Using platform encoding (Cp1253 actually) to copy filtered resources, i.e. build is platform dependent!
2019-03-09 21:27:54,657 [Worker-23: Building workspace] INFO  o.e.m.c.i.embedder.EclipseLogger - Copying 0 resource
2019-03-09 21:27:54,665 [Worker-23: Building workspace] WARN  o.e.m.c.i.embedder.EclipseLogger - Using platform encoding (Cp1253 actually) to copy filtered resources, i.e. build is platform dependent!
2019-03-09 21:27:54,680 [Worker-23: Building workspace] INFO  o.e.m.c.i.embedder.EclipseLogger - Copying 0 resource
2019-03-09 21:28:09,768 [Worker-24: Launching Executing install in C__Users_John_Desktop_seip2019_gradeshistogram] INFO  o.e.m.i.launch.MavenLaunchDelegate - C:\Users\John\Desktop\seip2019\gradeshistogram
2019-03-09 21:28:09,768 [Worker-24: Launching Executing install in C__Users_John_Desktop_seip2019_gradeshistogram] INFO  o.e.m.i.launch.MavenLaunchDelegate -  mvn -B install
2019-03-09 21:28:53,435 [Worker-28: Building workspace] WARN  o.e.m.c.i.embedder.EclipseLogger - Using platform encoding (Cp1253 actually) to copy filtered resources, i.e. build is platform dependent!
2019-03-09 21:28:53,459 [Worker-28: Building workspace] INFO  o.e.m.c.i.embedder.EclipseLogger - Copying 0 resource
2019-03-09 21:28:53,468 [Worker-28: Building workspace] WARN  o.e.m.c.i.embedder.EclipseLogger - Using platform encoding (Cp1253 actually) to copy filtered resources, i.e. build is platform dependent!
2019-03-09 21:28:53,477 [Worker-28: Building workspace] INFO  o.e.m.c.i.embedder.EclipseLogger - Copying 0 resource
2019-03-09 21:29:05,349 [Worker-26: Launching Executing install in C__Users_John_Desktop_seip2019] INFO  o.e.m.i.launch.MavenLaunchDelegate - C:\Users\John\Desktop\seip2019
2019-03-09 21:29:05,349 [Worker-26: Launching Executing install in C__Users_John_Desktop_seip2019] INFO  o.e.m.i.launch.MavenLaunchDelegate -  mvn -B install
2019-03-09 21:29:11,633 [Worker-27: Building workspace] WARN  o.e.m.c.i.embedder.EclipseLogger - Using platform encoding (Cp1253 actually) to copy filtered resources, i.e. build is platform dependent!
2019-03-09 21:29:11,655 [Worker-27: Building workspace] INFO  o.e.m.c.i.embedder.EclipseLogger - Copying 0 resource
2019-03-09 21:29:11,665 [Worker-27: Building workspace] WARN  o.e.m.c.i.embedder.EclipseLogger - Using platform encoding (Cp1253 actually) to copy filtered resources, i.e. build is platform dependent!
2019-03-09 21:29:11,681 [Worker-27: Building workspace] INFO  o.e.m.c.i.embedder.EclipseLogger - Copying 0 resource
2019-03-09 21:33:37,842 [Worker-24: Launching Executing install in C__Users_John_Desktop_seip2019_gradeshistogram] INFO  o.e.m.i.launch.MavenLaunchDelegate - C:\Users\John\Desktop\seip2019\gradeshistogram
2019-03-09 21:33:37,843 [Worker-24: Launching Executing install in C__Users_John_Desktop_seip2019_gradeshistogram] INFO  o.e.m.i.launch.MavenLaunchDelegate -  mvn -B install
2019-03-09 21:33:48,697 [Worker-27: Building workspace] WARN  o.e.m.c.i.embedder.EclipseLogger - Using platform encoding (Cp1253 actually) to copy filtered resources, i.e. build is platform dependent!
2019-03-09 21:33:48,720 [Worker-27: Building workspace] INFO  o.e.m.c.i.embedder.EclipseLogger - Copying 0 resource
2019-03-09 21:33:48,730 [Worker-27: Building workspace] WARN  o.e.m.c.i.embedder.EclipseLogger - Using platform encoding (Cp1253 actually) to copy filtered resources, i.e. build is platform dependent!
2019-03-09 21:33:48,739 [Worker-27: Building workspace] INFO  o.e.m.c.i.embedder.EclipseLogger - Copying 0 resource
2019-03-09 21:42:14,871 [Worker-26: Building workspace] WARN  o.e.m.c.i.embedder.EclipseLogger - Using platform encoding (Cp1253 actually) to copy filtered resources, i.e. build is platform dependent!
2019-03-09 21:42:14,883 [Worker-26: Building workspace] INFO  o.e.m.c.i.embedder.EclipseLogger - Copying 0 resource
2019-03-09 21:42:14,884 [Worker-26: Building workspace] WARN  o.e.m.c.i.embedder.EclipseLogger - Using platform encoding (Cp1253 actually) to copy filtered resources, i.e. build is platform dependent!
2019-03-09 21:42:14,895 [Worker-26: Building workspace] INFO  o.e.m.c.i.embedder.EclipseLogger - Copying 0 resource
2019-03-09 21:42:23,937 [Worker-28: Building workspace] WARN  o.e.m.c.i.embedder.EclipseLogger - Using platform encoding (Cp1253 actually) to copy filtered resources, i.e. build is platform dependent!
2019-03-09 21:42:23,954 [Worker-28: Building workspace] INFO  o.e.m.c.i.embedder.EclipseLogger - Copying 0 resource
2019-03-09 21:42:23,963 [Worker-28: Building workspace] WARN  o.e.m.c.i.embedder.EclipseLogger - Using platform encoding (Cp1253 actually) to copy filtered resources, i.e. build is platform dependent!
2019-03-09 21:42:23,971 [Worker-28: Building workspace] INFO  o.e.m.c.i.embedder.EclipseLogger - Copying 0 resource
2019-03-09 21:43:38,290 [Worker-28: Building workspace] WARN  o.e.m.c.i.embedder.EclipseLogger - Using platform encoding (Cp1253 actually) to copy filtered resources, i.e. build is platform dependent!
2019-03-09 21:43:38,301 [Worker-28: Building workspace] INFO  o.e.m.c.i.embedder.EclipseLogger - Copying 0 resource
2019-03-09 21:43:38,305 [Worker-28: Building workspace] WARN  o.e.m.c.i.embedder.EclipseLogger - Using platform encoding (Cp1253 actually) to copy filtered resources, i.e. build is platform dependent!
2019-03-09 21:43:38,315 [Worker-28: Building workspace] INFO  o.e.m.c.i.embedder.EclipseLogger - Copying 0 resource
2019-03-09 21:44:29,978 [Worker-24: Building workspace] WARN  o.e.m.c.i.embedder.EclipseLogger - Using platform encoding (Cp1253 actually) to copy filtered resources, i.e. build is platform dependent!
2019-03-09 21:44:29,999 [Worker-24: Building workspace] INFO  o.e.m.c.i.embedder.EclipseLogger - Copying 0 resource
2019-03-09 21:44:30,008 [Worker-24: Building workspace] WARN  o.e.m.c.i.embedder.EclipseLogger - Using platform encoding (Cp1253 actually) to copy filtered resources, i.e. build is platform dependent!
2019-03-09 21:44:30,017 [Worker-24: Building workspace] INFO  o.e.m.c.i.embedder.EclipseLogger - Copying 0 resource
2019-03-09 21:44:39,979 [Worker-18: Launching Executing install in C__Users_John_Desktop_seip2019_gradeshistogram] INFO  o.e.m.i.launch.MavenLaunchDelegate - C:\Users\John\Desktop\seip2019\gradeshistogram
2019-03-09 21:44:39,979 [Worker-18: Launching Executing install in C__Users_John_Desktop_seip2019_gradeshistogram] INFO  o.e.m.i.launch.MavenLaunchDelegate -  mvn -B install
2019-03-09 21:44:50,608 [Worker-28: Building workspace] WARN  o.e.m.c.i.embedder.EclipseLogger - Using platform encoding (Cp1253 actually) to copy filtered resources, i.e. build is platform dependent!
2019-03-09 21:44:50,626 [Worker-28: Building workspace] INFO  o.e.m.c.i.embedder.EclipseLogger - Copying 0 resource
2019-03-09 21:44:50,635 [Worker-28: Building workspace] WARN  o.e.m.c.i.embedder.EclipseLogger - Using platform encoding (Cp1253 actually) to copy filtered resources, i.e. build is platform dependent!
2019-03-09 21:44:50,650 [Worker-28: Building workspace] INFO  o.e.m.c.i.embedder.EclipseLogger - Copying 0 resource
2019-03-09 21:47:23,979 [Worker-27: Launching HistogramGenerator] WARN  o.e.m.c.i.embedder.EclipseLogger - Using platform encoding (Cp1253 actually) to copy filtered resources, i.e. build is platform dependent!
2019-03-09 21:47:23,988 [Worker-27: Launching HistogramGenerator] INFO  o.e.m.c.i.embedder.EclipseLogger - Copying 0 resource
2019-03-09 21:47:23,996 [Worker-27: Launching HistogramGenerator] WARN  o.e.m.c.i.embedder.EclipseLogger - Using platform encoding (Cp1253 actually) to copy filtered resources, i.e. build is platform dependent!
2019-03-09 21:47:24,010 [Worker-27: Launching HistogramGenerator] INFO  o.e.m.c.i.embedder.EclipseLogger - Copying 0 resource
2019-03-09 21:48:43,815 [Worker-24: Building workspace] WARN  o.e.m.c.i.embedder.EclipseLogger - Using platform encoding (Cp1253 actually) to copy filtered resources, i.e. build is platform dependent!
2019-03-09 21:48:43,825 [Worker-24: Building workspace] INFO  o.e.m.c.i.embedder.EclipseLogger - Copying 1 resource
2019-03-09 21:48:43,863 [Worker-24: Building workspace] WARN  o.e.m.c.i.embedder.EclipseLogger - Using platform encoding (Cp1253 actually) to copy filtered resources, i.e. build is platform dependent!
2019-03-09 21:48:43,877 [Worker-24: Building workspace] INFO  o.e.m.c.i.embedder.EclipseLogger - Copying 0 resource
2019-03-09 21:48:53,910 [Worker-18: Launching HistogramGenerator] WARN  o.e.m.c.i.embedder.EclipseLogger - Using platform encoding (Cp1253 actually) to copy filtered resources, i.e. build is platform dependent!
2019-03-09 21:48:53,919 [Worker-18: Launching HistogramGenerator] INFO  o.e.m.c.i.embedder.EclipseLogger - Copying 1 resource
2019-03-09 21:48:53,927 [Worker-18: Launching HistogramGenerator] WARN  o.e.m.c.i.embedder.EclipseLogger - Using platform encoding (Cp1253 actually) to copy filtered resources, i.e. build is platform dependent!
2019-03-09 21:48:53,944 [Worker-18: Launching HistogramGenerator] INFO  o.e.m.c.i.embedder.EclipseLogger - Copying 0 resource
2019-03-09 21:49:48,621 [Worker-27: Building workspace] WARN  o.e.m.c.i.embedder.EclipseLogger - Using platform encoding (Cp1253 actually) to copy filtered resources, i.e. build is platform dependent!
2019-03-09 21:49:48,630 [Worker-27: Building workspace] INFO  o.e.m.c.i.embedder.EclipseLogger - Copying 0 resource
2019-03-09 21:49:48,640 [Worker-27: Building workspace] WARN  o.e.m.c.i.embedder.EclipseLogger - Using platform encoding (Cp1253 actually) to copy filtered resources, i.e. build is platform dependent!
2019-03-09 21:49:48,655 [Worker-27: Building workspace] INFO  o.e.m.c.i.embedder.EclipseLogger - Copying 0 resource
2019-03-09 21:49:51,571 [Worker-18: Launching HistogramGenerator] WARN  o.e.m.c.i.embedder.EclipseLogger - Using platform encoding (Cp1253 actually) to copy filtered resources, i.e. build is platform dependent!
2019-03-09 21:49:51,579 [Worker-18: Launching HistogramGenerator] INFO  o.e.m.c.i.embedder.EclipseLogger - Copying 0 resource
2019-03-09 21:49:51,587 [Worker-18: Launching HistogramGenerator] WARN  o.e.m.c.i.embedder.EclipseLogger - Using platform encoding (Cp1253 actually) to copy filtered resources, i.e. build is platform dependent!
2019-03-09 21:49:51,601 [Worker-18: Launching HistogramGenerator] INFO  o.e.m.c.i.embedder.EclipseLogger - Copying 0 resource
2019-03-09 21:50:37,182 [Worker-29: Building workspace] WARN  o.e.m.c.i.embedder.EclipseLogger - Using platform encoding (Cp1253 actually) to copy filtered resources, i.e. build is platform dependent!
2019-03-09 21:50:37,194 [Worker-29: Building workspace] INFO  o.e.m.c.i.embedder.EclipseLogger - Copying 1 resource
2019-03-09 21:50:37,208 [Worker-29: Building workspace] WARN  o.e.m.c.i.embedder.EclipseLogger - Using platform encoding (Cp1253 actually) to copy filtered resources, i.e. build is platform dependent!
2019-03-09 21:50:37,224 [Worker-29: Building workspace] INFO  o.e.m.c.i.embedder.EclipseLogger - Copying 0 resource
2019-03-09 21:50:40,461 [Worker-26: Launching HistogramGenerator] WARN  o.e.m.c.i.embedder.EclipseLogger - Using platform encoding (Cp1253 actually) to copy filtered resources, i.e. build is platform dependent!
2019-03-09 21:50:40,469 [Worker-26: Launching HistogramGenerator] INFO  o.e.m.c.i.embedder.EclipseLogger - Copying 1 resource
2019-03-09 21:50:40,477 [Worker-26: Launching HistogramGenerator] WARN  o.e.m.c.i.embedder.EclipseLogger - Using platform encoding (Cp1253 actually) to copy filtered resources, i.e. build is platform dependent!
2019-03-09 21:50:40,492 [Worker-26: Launching HistogramGenerator] INFO  o.e.m.c.i.embedder.EclipseLogger - Copying 0 resource
2019-03-09 21:51:24,921 [Worker-24: Building workspace] WARN  o.e.m.c.i.embedder.EclipseLogger - Using platform encoding (Cp1253 actually) to copy filtered resources, i.e. build is platform dependent!
2019-03-09 21:51:24,929 [Worker-24: Building workspace] INFO  o.e.m.c.i.embedder.EclipseLogger - Copying 0 resource
2019-03-09 21:51:24,938 [Worker-24: Building workspace] WARN  o.e.m.c.i.embedder.EclipseLogger - Using platform encoding (Cp1253 actually) to copy filtered resources, i.e. build is platform dependent!
2019-03-09 21:51:24,952 [Worker-24: Building workspace] INFO  o.e.m.c.i.embedder.EclipseLogger - Copying 0 resource
2019-03-09 21:51:34,910 [Worker-24: Launching HistogramGenerator] WARN  o.e.m.c.i.embedder.EclipseLogger - Using platform encoding (Cp1253 actually) to copy filtered resources, i.e. build is platform dependent!
2019-03-09 21:51:34,918 [Worker-24: Launching HistogramGenerator] INFO  o.e.m.c.i.embedder.EclipseLogger - Copying 0 resource
2019-03-09 21:51:34,927 [Worker-24: Launching HistogramGenerator] WARN  o.e.m.c.i.embedder.EclipseLogger - Using platform encoding (Cp1253 actually) to copy filtered resources, i.e. build is platform dependent!
2019-03-09 21:51:34,941 [Worker-24: Launching HistogramGenerator] INFO  o.e.m.c.i.embedder.EclipseLogger - Copying 0 resource
2019-03-09 21:54:07,511 [Worker-29: Building workspace] WARN  o.e.m.c.i.embedder.EclipseLogger - Using platform encoding (Cp1253 actually) to copy filtered resources, i.e. build is platform dependent!
2019-03-09 21:54:07,520 [Worker-29: Building workspace] INFO  o.e.m.c.i.embedder.EclipseLogger - Copying 0 resource
2019-03-09 21:54:07,528 [Worker-29: Building workspace] WARN  o.e.m.c.i.embedder.EclipseLogger - Using platform encoding (Cp1253 actually) to copy filtered resources, i.e. build is platform dependent!
2019-03-09 21:54:07,543 [Worker-29: Building workspace] INFO  o.e.m.c.i.embedder.EclipseLogger - Copying 0 resource
2019-03-09 21:59:49,798 [Worker-27: Building workspace] WARN  o.e.m.c.i.embedder.EclipseLogger - Using platform encoding (Cp1253 actually) to copy filtered resources, i.e. build is platform dependent!
2019-03-09 21:59:49,810 [Worker-27: Building workspace] INFO  o.e.m.c.i.embedder.EclipseLogger - Copying 0 resource
2019-03-09 21:59:49,817 [Worker-27: Building workspace] WARN  o.e.m.c.i.embedder.EclipseLogger - Using platform encoding (Cp1253 actually) to copy filtered resources, i.e. build is platform dependent!
2019-03-09 21:59:49,832 [Worker-27: Building workspace] INFO  o.e.m.c.i.embedder.EclipseLogger - Copying 0 resource
2019-03-10 13:24:52,993 [Worker-3: Loading available Gradle versions] INFO  o.e.b.c.i.u.g.PublishedGradleVersions - Gradle version information cache is up-to-date. Trying to read.
2019-03-10 13:37:04,398 [Worker-2: Building workspace] WARN  o.e.m.c.i.embedder.EclipseLogger - Using platform encoding (Cp1253 actually) to copy filtered resources, i.e. build is platform dependent!
2019-03-10 13:37:04,412 [Worker-2: Building workspace] INFO  o.e.m.c.i.embedder.EclipseLogger - Copying 0 resource
2019-03-10 13:37:04,416 [Worker-2: Building workspace] WARN  o.e.m.c.i.embedder.EclipseLogger - Using platform encoding (Cp1253 actually) to copy filtered resources, i.e. build is platform dependent!
2019-03-10 13:37:04,425 [Worker-2: Building workspace] INFO  o.e.m.c.i.embedder.EclipseLogger - Copying 0 resource
2019-03-10 13:37:44,265 [Worker-7: Building workspace] WARN  o.e.m.c.i.embedder.EclipseLogger - Using platform encoding (Cp1253 actually) to copy filtered resources, i.e. build is platform dependent!
2019-03-10 13:37:44,283 [Worker-7: Building workspace] INFO  o.e.m.c.i.embedder.EclipseLogger - Copying 0 resource
2019-03-10 13:37:44,286 [Worker-7: Building workspace] WARN  o.e.m.c.i.embedder.EclipseLogger - Using platform encoding (Cp1253 actually) to copy filtered resources, i.e. build is platform dependent!
2019-03-10 13:37:44,316 [Worker-7: Building workspace] INFO  o.e.m.c.i.embedder.EclipseLogger - Copying 0 resource
2019-03-10 13:38:02,130 [main] INFO  o.e.m2e.actions.ExecutePomAction - Using existing launch configuration
2019-03-10 13:38:10,539 [Worker-13: Launching Executing install in C__Users_John_Desktop_seip2019_gradeshistogram] INFO  o.e.m.i.launch.MavenLaunchDelegate - C:\Users\John\Desktop\seip2019\gradeshistogram
2019-03-10 13:38:10,541 [Worker-13: Launching Executing install in C__Users_John_Desktop_seip2019_gradeshistogram] INFO  o.e.m.i.launch.MavenLaunchDelegate -  mvn -B install
2019-03-10 13:38:33,245 [Worker-9: Building workspace] WARN  o.e.m.c.i.embedder.EclipseLogger - Using platform encoding (Cp1253 actually) to copy filtered resources, i.e. build is platform dependent!
2019-03-10 13:38:33,254 [Worker-9: Building workspace] INFO  o.e.m.c.i.embedder.EclipseLogger - Copying 0 resource
2019-03-10 13:38:33,257 [Worker-9: Building workspace] WARN  o.e.m.c.i.embedder.EclipseLogger - Using platform encoding (Cp1253 actually) to copy filtered resources, i.e. build is platform dependent!
2019-03-10 13:38:33,266 [Worker-9: Building workspace] INFO  o.e.m.c.i.embedder.EclipseLogger - Copying 0 resource
2019-03-10 13:40:18,209 [Worker-2: Launching Executing install in C__Users_John_Desktop_seip2019_gradeshistogram] INFO  o.e.m.i.launch.MavenLaunchDelegate - C:\Users\John\Desktop\seip2019\gradeshistogram
2019-03-10 13:40:18,209 [Worker-2: Launching Executing install in C__Users_John_Desktop_seip2019_gradeshistogram] INFO  o.e.m.i.launch.MavenLaunchDelegate -  mvn -B install
2019-03-10 13:40:24,448 [Worker-13: Building workspace] WARN  o.e.m.c.i.embedder.EclipseLogger - Using platform encoding (Cp1253 actually) to copy filtered resources, i.e. build is platform dependent!
2019-03-10 13:40:24,457 [Worker-13: Building workspace] INFO  o.e.m.c.i.embedder.EclipseLogger - Copying 0 resource
2019-03-10 13:40:24,465 [Worker-13: Building workspace] WARN  o.e.m.c.i.embedder.EclipseLogger - Using platform encoding (Cp1253 actually) to copy filtered resources, i.e. build is platform dependent!
2019-03-10 13:40:24,480 [Worker-13: Building workspace] INFO  o.e.m.c.i.embedder.EclipseLogger - Copying 0 resource
2019-03-10 13:46:13,912 [Worker-2: Launching Executing install in C__Users_John_Desktop_seip2019] INFO  o.e.m.i.launch.MavenLaunchDelegate - C:\Users\John\Desktop\seip2019
2019-03-10 13:46:13,912 [Worker-2: Launching Executing install in C__Users_John_Desktop_seip2019] INFO  o.e.m.i.launch.MavenLaunchDelegate -  mvn -B install
2019-03-10 13:46:20,770 [Worker-7: Building workspace] WARN  o.e.m.c.i.embedder.EclipseLogger - Using platform encoding (Cp1253 actually) to copy filtered resources, i.e. build is platform dependent!
2019-03-10 13:46:20,784 [Worker-7: Building workspace] INFO  o.e.m.c.i.embedder.EclipseLogger - Copying 0 resource
2019-03-10 13:46:20,792 [Worker-7: Building workspace] WARN  o.e.m.c.i.embedder.EclipseLogger - Using platform encoding (Cp1253 actually) to copy filtered resources, i.e. build is platform dependent!
2019-03-10 13:46:20,800 [Worker-7: Building workspace] INFO  o.e.m.c.i.embedder.EclipseLogger - Copying 0 resource
2019-03-10 13:58:51,153 [Worker-7: Building workspace] WARN  o.e.m.c.i.embedder.EclipseLogger - Using platform encoding (Cp1253 actually) to copy filtered resources, i.e. build is platform dependent!
2019-03-10 13:58:51,162 [Worker-7: Building workspace] INFO  o.e.m.c.i.embedder.EclipseLogger - Copying 0 resource
2019-03-10 13:58:51,164 [Worker-7: Building workspace] WARN  o.e.m.c.i.embedder.EclipseLogger - Using platform encoding (Cp1253 actually) to copy filtered resources, i.e. build is platform dependent!
2019-03-10 13:58:51,173 [Worker-7: Building workspace] INFO  o.e.m.c.i.embedder.EclipseLogger - Copying 0 resource
2019-03-10 13:58:55,568 [Worker-7: Launching Executing install in C__Users_John_Desktop_seip2019] INFO  o.e.m.i.launch.MavenLaunchDelegate - C:\Users\John\Desktop\seip2019
2019-03-10 13:58:55,576 [Worker-7: Launching Executing install in C__Users_John_Desktop_seip2019] INFO  o.e.m.i.launch.MavenLaunchDelegate -  mvn -B install
2019-03-10 13:59:01,898 [Worker-7: Building workspace] WARN  o.e.m.c.i.embedder.EclipseLogger - Using platform encoding (Cp1253 actually) to copy filtered resources, i.e. build is platform dependent!
2019-03-10 13:59:01,908 [Worker-7: Building workspace] INFO  o.e.m.c.i.embedder.EclipseLogger - Copying 0 resource
2019-03-10 13:59:01,917 [Worker-7: Building workspace] WARN  o.e.m.c.i.embedder.EclipseLogger - Using platform encoding (Cp1253 actually) to copy filtered resources, i.e. build is platform dependent!
2019-03-10 13:59:01,932 [Worker-7: Building workspace] INFO  o.e.m.c.i.embedder.EclipseLogger - Copying 0 resource
2019-03-10 13:59:31,168 [Worker-2: Launching Executing install in C__Users_John_Desktop_seip2019_gradeshistogram] INFO  o.e.m.i.launch.MavenLaunchDelegate - C:\Users\John\Desktop\seip2019\gradeshistogram
2019-03-10 13:59:31,168 [Worker-2: Launching Executing install in C__Users_John_Desktop_seip2019_gradeshistogram] INFO  o.e.m.i.launch.MavenLaunchDelegate -  mvn -B install
2019-03-10 13:59:37,673 [Worker-7: Building workspace] WARN  o.e.m.c.i.embedder.EclipseLogger - Using platform encoding (Cp1253 actually) to copy filtered resources, i.e. build is platform dependent!
2019-03-10 13:59:37,688 [Worker-7: Building workspace] INFO  o.e.m.c.i.embedder.EclipseLogger - Copying 0 resource
2019-03-10 13:59:37,698 [Worker-7: Building workspace] WARN  o.e.m.c.i.embedder.EclipseLogger - Using platform encoding (Cp1253 actually) to copy filtered resources, i.e. build is platform dependent!
2019-03-10 13:59:37,706 [Worker-7: Building workspace] INFO  o.e.m.c.i.embedder.EclipseLogger - Copying 0 resource
2019-03-10 14:04:55,086 [Worker-16: Building workspace] WARN  o.e.m.c.i.embedder.EclipseLogger - Using platform encoding (Cp1253 actually) to copy filtered resources, i.e. build is platform dependent!
2019-03-10 14:04:55,096 [Worker-16: Building workspace] INFO  o.e.m.c.i.embedder.EclipseLogger - Copying 0 resource
2019-03-10 14:04:55,098 [Worker-16: Building workspace] WARN  o.e.m.c.i.embedder.EclipseLogger - Using platform encoding (Cp1253 actually) to copy filtered resources, i.e. build is platform dependent!
2019-03-10 14:04:55,107 [Worker-16: Building workspace] INFO  o.e.m.c.i.embedder.EclipseLogger - Copying 0 resource
2019-03-10 14:05:00,560 [Worker-5: Launching Executing install in C__Users_John_Desktop_seip2019_gradeshistogram] INFO  o.e.m.i.launch.MavenLaunchDelegate - C:\Users\John\Desktop\seip2019\gradeshistogram
2019-03-10 14:05:00,568 [Worker-5: Launching Executing install in C__Users_John_Desktop_seip2019_gradeshistogram] INFO  o.e.m.i.launch.MavenLaunchDelegate -  mvn -B install
2019-03-10 14:05:06,831 [Worker-14: Building workspace] WARN  o.e.m.c.i.embedder.EclipseLogger - Using platform encoding (Cp1253 actually) to copy filtered resources, i.e. build is platform dependent!
2019-03-10 14:05:06,839 [Worker-14: Building workspace] INFO  o.e.m.c.i.embedder.EclipseLogger - Copying 0 resource
2019-03-10 14:05:06,848 [Worker-14: Building workspace] WARN  o.e.m.c.i.embedder.EclipseLogger - Using platform encoding (Cp1253 actually) to copy filtered resources, i.e. build is platform dependent!
2019-03-10 14:05:06,863 [Worker-14: Building workspace] INFO  o.e.m.c.i.embedder.EclipseLogger - Copying 0 resource
2019-03-10 14:07:56,043 [Worker-14: Building workspace] WARN  o.e.m.c.i.embedder.EclipseLogger - Using platform encoding (Cp1253 actually) to copy filtered resources, i.e. build is platform dependent!
2019-03-10 14:07:56,052 [Worker-14: Building workspace] INFO  o.e.m.c.i.embedder.EclipseLogger - Copying 0 resource
2019-03-10 14:07:56,060 [Worker-14: Building workspace] WARN  o.e.m.c.i.embedder.EclipseLogger - Using platform encoding (Cp1253 actually) to copy filtered resources, i.e. build is platform dependent!
2019-03-10 14:07:56,075 [Worker-14: Building workspace] INFO  o.e.m.c.i.embedder.EclipseLogger - Copying 0 resource
2019-03-10 14:08:06,794 [Worker-5: Launching Executing install in C__Users_John_Desktop_seip2019_gradeshistogram] INFO  o.e.m.i.launch.MavenLaunchDelegate - C:\Users\John\Desktop\seip2019\gradeshistogram
2019-03-10 14:08:06,794 [Worker-5: Launching Executing install in C__Users_John_Desktop_seip2019_gradeshistogram] INFO  o.e.m.i.launch.MavenLaunchDelegate -  mvn -B install
2019-03-10 14:08:13,120 [Worker-5: Building workspace] WARN  o.e.m.c.i.embedder.EclipseLogger - Using platform encoding (Cp1253 actually) to copy filtered resources, i.e. build is platform dependent!
2019-03-10 14:08:13,138 [Worker-5: Building workspace] INFO  o.e.m.c.i.embedder.EclipseLogger - Copying 0 resource
2019-03-10 14:08:13,147 [Worker-5: Building workspace] WARN  o.e.m.c.i.embedder.EclipseLogger - Using platform encoding (Cp1253 actually) to copy filtered resources, i.e. build is platform dependent!
2019-03-10 14:08:13,154 [Worker-5: Building workspace] INFO  o.e.m.c.i.embedder.EclipseLogger - Copying 0 resource
2019-03-10 14:10:30,504 [Worker-16: Building workspace] WARN  o.e.m.c.i.embedder.EclipseLogger - Using platform encoding (Cp1253 actually) to copy filtered resources, i.e. build is platform dependent!
2019-03-10 14:10:30,515 [Worker-16: Building workspace] INFO  o.e.m.c.i.embedder.EclipseLogger - Copying 0 resource
2019-03-10 14:10:30,517 [Worker-16: Building workspace] WARN  o.e.m.c.i.embedder.EclipseLogger - Using platform encoding (Cp1253 actually) to copy filtered resources, i.e. build is platform dependent!
2019-03-10 14:10:30,528 [Worker-16: Building workspace] INFO  o.e.m.c.i.embedder.EclipseLogger - Copying 0 resource
2019-03-10 14:10:37,665 [Worker-17: Launching Executing install in C__Users_John_Desktop_seip2019] INFO  o.e.m.i.launch.MavenLaunchDelegate - C:\Users\John\Desktop\seip2019
2019-03-10 14:10:37,672 [Worker-17: Launching Executing install in C__Users_John_Desktop_seip2019] INFO  o.e.m.i.launch.MavenLaunchDelegate -  mvn -B install
2019-03-10 14:10:43,911 [Worker-17: Building workspace] WARN  o.e.m.c.i.embedder.EclipseLogger - Using platform encoding (Cp1253 actually) to copy filtered resources, i.e. build is platform dependent!
2019-03-10 14:10:43,920 [Worker-17: Building workspace] INFO  o.e.m.c.i.embedder.EclipseLogger - Copying 0 resource
2019-03-10 14:10:43,929 [Worker-17: Building workspace] WARN  o.e.m.c.i.embedder.EclipseLogger - Using platform encoding (Cp1253 actually) to copy filtered resources, i.e. build is platform dependent!
2019-03-10 14:10:43,946 [Worker-17: Building workspace] INFO  o.e.m.c.i.embedder.EclipseLogger - Copying 0 resource
2019-03-10 14:30:04,272 [Worker-20: Building workspace] WARN  o.e.m.c.i.embedder.EclipseLogger - Using platform encoding (Cp1253 actually) to copy filtered resources, i.e. build is platform dependent!
2019-03-10 14:30:04,286 [Worker-20: Building workspace] INFO  o.e.m.c.i.embedder.EclipseLogger - Copying 0 resource
2019-03-10 14:30:04,295 [Worker-20: Building workspace] WARN  o.e.m.c.i.embedder.EclipseLogger - Using platform encoding (Cp1253 actually) to copy filtered resources, i.e. build is platform dependent!
2019-03-10 14:30:04,312 [Worker-20: Building workspace] INFO  o.e.m.c.i.embedder.EclipseLogger - Copying 0 resource
2019-03-10 14:33:14,507 [Worker-17: Building workspace] WARN  o.e.m.c.i.embedder.EclipseLogger - Using platform encoding (Cp1253 actually) to copy filtered resources, i.e. build is platform dependent!
2019-03-10 14:33:14,518 [Worker-17: Building workspace] INFO  o.e.m.c.i.embedder.EclipseLogger - Copying 0 resource
2019-03-10 14:33:14,530 [Worker-17: Building workspace] WARN  o.e.m.c.i.embedder.EclipseLogger - Using platform encoding (Cp1253 actually) to copy filtered resources, i.e. build is platform dependent!
2019-03-10 14:33:14,545 [Worker-17: Building workspace] INFO  o.e.m.c.i.embedder.EclipseLogger - Copying 0 resource
2019-03-10 14:33:43,975 [Worker-22: Building workspace] WARN  o.e.m.c.i.embedder.EclipseLogger - Using platform encoding (Cp1253 actually) to copy filtered resources, i.e. build is platform dependent!
2019-03-10 14:33:43,983 [Worker-22: Building workspace] INFO  o.e.m.c.i.embedder.EclipseLogger - Copying 0 resource
2019-03-10 14:33:43,991 [Worker-22: Building workspace] WARN  o.e.m.c.i.embedder.EclipseLogger - Using platform encoding (Cp1253 actually) to copy filtered resources, i.e. build is platform dependent!
2019-03-10 14:33:44,008 [Worker-22: Building workspace] INFO  o.e.m.c.i.embedder.EclipseLogger - Copying 0 resource
2019-03-10 14:33:48,896 [Worker-25: Launching Executing install in C__Users_John_Desktop_seip2019_gradeshistogram] INFO  o.e.m.i.launch.MavenLaunchDelegate - C:\Users\John\Desktop\seip2019\gradeshistogram
2019-03-10 14:33:48,896 [Worker-25: Launching Executing install in C__Users_John_Desktop_seip2019_gradeshistogram] INFO  o.e.m.i.launch.MavenLaunchDelegate -  mvn -B install
2019-03-10 14:33:55,885 [Worker-25: Building workspace] WARN  o.e.m.c.i.embedder.EclipseLogger - Using platform encoding (Cp1253 actually) to copy filtered resources, i.e. build is platform dependent!
2019-03-10 14:33:55,901 [Worker-25: Building workspace] INFO  o.e.m.c.i.embedder.EclipseLogger - Copying 0 resource
2019-03-10 14:33:55,910 [Worker-25: Building workspace] WARN  o.e.m.c.i.embedder.EclipseLogger - Using platform encoding (Cp1253 actually) to copy filtered resources, i.e. build is platform dependent!
2019-03-10 14:33:55,920 [Worker-25: Building workspace] INFO  o.e.m.c.i.embedder.EclipseLogger - Copying 0 resource
2019-03-10 14:34:05,128 [Worker-5: Building workspace] WARN  o.e.m.c.i.embedder.EclipseLogger - Using platform encoding (Cp1253 actually) to copy filtered resources, i.e. build is platform dependent!
2019-03-10 14:34:05,144 [Worker-5: Building workspace] INFO  o.e.m.c.i.embedder.EclipseLogger - Copying 0 resource
2019-03-10 14:34:05,146 [Worker-5: Building workspace] WARN  o.e.m.c.i.embedder.EclipseLogger - Using platform encoding (Cp1253 actually) to copy filtered resources, i.e. build is platform dependent!
2019-03-10 14:34:05,155 [Worker-5: Building workspace] INFO  o.e.m.c.i.embedder.EclipseLogger - Copying 0 resource
2019-03-10 14:34:13,542 [Worker-5: Launching Executing install in C__Users_John_Desktop_seip2019_gradeshistogram] INFO  o.e.m.i.launch.MavenLaunchDelegate - C:\Users\John\Desktop\seip2019\gradeshistogram
2019-03-10 14:34:13,550 [Worker-5: Launching Executing install in C__Users_John_Desktop_seip2019_gradeshistogram] INFO  o.e.m.i.launch.MavenLaunchDelegate -  mvn -B install
2019-03-10 14:34:20,086 [Worker-20: Building workspace] WARN  o.e.m.c.i.embedder.EclipseLogger - Using platform encoding (Cp1253 actually) to copy filtered resources, i.e. build is platform dependent!
2019-03-10 14:34:20,096 [Worker-20: Building workspace] INFO  o.e.m.c.i.embedder.EclipseLogger - Copying 0 resource
2019-03-10 14:34:20,103 [Worker-20: Building workspace] WARN  o.e.m.c.i.embedder.EclipseLogger - Using platform encoding (Cp1253 actually) to copy filtered resources, i.e. build is platform dependent!
2019-03-10 14:34:20,119 [Worker-20: Building workspace] INFO  o.e.m.c.i.embedder.EclipseLogger - Copying 0 resource
2019-03-10 14:37:32,761 [Worker-5: Launching Executing install in C__Users_John_Desktop_seip2019] INFO  o.e.m.i.launch.MavenLaunchDelegate - C:\Users\John\Desktop\seip2019
2019-03-10 14:37:32,761 [Worker-5: Launching Executing install in C__Users_John_Desktop_seip2019] INFO  o.e.m.i.launch.MavenLaunchDelegate -  mvn -B install
2019-03-10 14:37:39,382 [Worker-17: Building workspace] WARN  o.e.m.c.i.embedder.EclipseLogger - Using platform encoding (Cp1253 actually) to copy filtered resources, i.e. build is platform dependent!
2019-03-10 14:37:39,398 [Worker-17: Building workspace] INFO  o.e.m.c.i.embedder.EclipseLogger - Copying 0 resource
2019-03-10 14:37:39,407 [Worker-17: Building workspace] WARN  o.e.m.c.i.embedder.EclipseLogger - Using platform encoding (Cp1253 actually) to copy filtered resources, i.e. build is platform dependent!
2019-03-10 14:37:39,416 [Worker-17: Building workspace] INFO  o.e.m.c.i.embedder.EclipseLogger - Copying 0 resource
2019-03-11 17:50:06,836 [Worker-3: Loading available Gradle versions] INFO  o.e.b.c.i.u.g.PublishedGradleVersions - Gradle version information cache is out-of-date. Trying to update.
2019-03-11 17:51:04,329 [Worker-13: Updating Maven Project] INFO  o.e.m.c.i.p.ProjectConfigurationManager - Update started
2019-03-11 17:51:05,225 [Worker-13: Updating Maven Project] INFO  o.e.m.c.i.l.LifecycleMappingFactory - Using NULL lifecycle mapping for MavenProject: gr.aueb.dmst:seip2019:0.0.1-SNAPSHOT @ C:\Users\John\Desktop\seip2019\pom.xml.
2019-03-11 17:51:12,990 [Worker-13: Updating Maven Project] INFO  o.e.m.c.i.l.LifecycleMappingFactory - Using org.eclipse.m2e.jdt.JarLifecycleMapping lifecycle mapping for MavenProject: gr.aueb.dmst:gradeshistogram:0.0.1-SNAPSHOT @ C:\Users\John\Desktop\seip2019\gradeshistogram\pom.xml.
2019-03-11 17:51:13,611 [Worker-13: Updating Maven Project] INFO  o.e.m.c.i.p.ProjectConfigurationManager - Update completed: 9 sec
2019-03-11 17:51:15,604 [Worker-11: Building workspace] WARN  o.e.m.c.i.embedder.EclipseLogger - Using platform encoding (Cp1253 actually) to copy filtered resources, i.e. build is platform dependent!
2019-03-11 17:51:15,620 [Worker-11: Building workspace] INFO  o.e.m.c.i.embedder.EclipseLogger - Copying 0 resource
2019-03-11 17:51:15,624 [Worker-11: Building workspace] WARN  o.e.m.c.i.embedder.EclipseLogger - Using platform encoding (Cp1253 actually) to copy filtered resources, i.e. build is platform dependent!
2019-03-11 17:51:15,633 [Worker-11: Building workspace] INFO  o.e.m.c.i.embedder.EclipseLogger - Copying 0 resource
2019-03-11 17:51:39,875 [Worker-11: Launching Executing install in C__Users_John_Desktop_seip2019] INFO  o.e.m.i.launch.MavenLaunchDelegate - C:\Users\John\Desktop\seip2019
2019-03-11 17:51:39,877 [Worker-11: Launching Executing install in C__Users_John_Desktop_seip2019] INFO  o.e.m.i.launch.MavenLaunchDelegate -  mvn -B install
2019-03-11 17:51:54,196 [Worker-8: Building workspace] WARN  o.e.m.c.i.embedder.EclipseLogger - Using platform encoding (Cp1253 actually) to copy filtered resources, i.e. build is platform dependent!
2019-03-11 17:51:54,209 [Worker-8: Building workspace] INFO  o.e.m.c.i.embedder.EclipseLogger - Copying 0 resource
2019-03-11 17:51:54,210 [Worker-8: Building workspace] WARN  o.e.m.c.i.embedder.EclipseLogger - Using platform encoding (Cp1253 actually) to copy filtered resources, i.e. build is platform dependent!
2019-03-11 17:51:54,219 [Worker-8: Building workspace] INFO  o.e.m.c.i.embedder.EclipseLogger - Copying 0 resource
2019-03-11 17:51:59,622 [Worker-13: Launching Executing install in C__Users_John_Desktop_seip2019_gradeshistogram] INFO  o.e.m.i.launch.MavenLaunchDelegate - C:\Users\John\Desktop\seip2019\gradeshistogram
2019-03-11 17:51:59,683 [Worker-13: Launching Executing install in C__Users_John_Desktop_seip2019_gradeshistogram] INFO  o.e.m.i.launch.MavenLaunchDelegate -  mvn -B install
2019-03-11 17:52:05,754 [Worker-8: Building workspace] WARN  o.e.m.c.i.embedder.EclipseLogger - Using platform encoding (Cp1253 actually) to copy filtered resources, i.e. build is platform dependent!
2019-03-11 17:52:05,762 [Worker-8: Building workspace] INFO  o.e.m.c.i.embedder.EclipseLogger - Copying 0 resource
2019-03-11 17:52:05,764 [Worker-8: Building workspace] WARN  o.e.m.c.i.embedder.EclipseLogger - Using platform encoding (Cp1253 actually) to copy filtered resources, i.e. build is platform dependent!
2019-03-11 17:52:05,777 [Worker-8: Building workspace] INFO  o.e.m.c.i.embedder.EclipseLogger - Copying 0 resource
2019-03-11 17:58:21,806 [Worker-13: Updating Maven Dependencies] ERROR o.e.m.j.i.l.MavenLaunchConfigurationListener - Launch configuration HistogramGenerator references non-existing project gradeshistogram.
org.eclipse.core.runtime.CoreException: Launch configuration HistogramGenerator references non-existing project gradeshistogram.
	at org.eclipse.jdt.launching.JavaRuntime.abort(JavaRuntime.java:1838) ~[org.eclipse.jdt.launching_3.12.0.v20181119-1621.jar:na]
	at org.eclipse.jdt.launching.JavaRuntime.getJavaProject(JavaRuntime.java:1713) ~[org.eclipse.jdt.launching_3.12.0.v20181119-1621.jar:na]
	at org.eclipse.m2e.jdt.internal.launch.MavenLaunchConfigurationListener.updateLaunchConfiguration(MavenLaunchConfigurationListener.java:53) [org.eclipse.m2e.jdt_1.10.0.20181127-2120.jar:na]
	at org.eclipse.m2e.jdt.internal.launch.MavenLaunchConfigurationListener.launchConfigurationChanged(MavenLaunchConfigurationListener.java:38) [org.eclipse.m2e.jdt_1.10.0.20181127-2120.jar:na]
	at org.eclipse.debug.internal.core.LaunchManager$ConfigurationNotifier.run(LaunchManager.java:225) [org.eclipse.debug.core_3.13.100.v20181201-1650.jar:na]
	at org.eclipse.core.runtime.SafeRunner.run(SafeRunner.java:45) [org.eclipse.equinox.common_3.10.200.v20181021-1645.jar:na]
	at org.eclipse.debug.internal.core.LaunchManager$ConfigurationNotifier.notify(LaunchManager.java:209) [org.eclipse.debug.core_3.13.100.v20181201-1650.jar:na]
	at org.eclipse.debug.internal.core.LaunchConfigurationWorkingCopy.setDirty(LaunchConfigurationWorkingCopy.java:528) [org.eclipse.debug.core_3.13.100.v20181201-1650.jar:na]
	at org.eclipse.debug.internal.core.LaunchConfigurationWorkingCopy.setAttribute(LaunchConfigurationWorkingCopy.java:416) [org.eclipse.debug.core_3.13.100.v20181201-1650.jar:na]
	at org.eclipse.m2e.jdt.internal.launch.MavenRuntimeClasspathProvider.disable(MavenRuntimeClasspathProvider.java:352) [org.eclipse.m2e.jdt_1.10.0.20181127-2120.jar:na]
	at org.eclipse.m2e.jdt.internal.launch.MavenRuntimeClasspathProvider.disable(MavenRuntimeClasspathProvider.java:378) [org.eclipse.m2e.jdt_1.10.0.20181127-2120.jar:na]
	at org.eclipse.m2e.jdt.internal.launch.MavenLaunchConfigurationListener.mavenProjectChanged(MavenLaunchConfigurationListener.java:70) [org.eclipse.m2e.jdt_1.10.0.20181127-2120.jar:na]
	at org.eclipse.m2e.core.internal.project.registry.ProjectRegistryManager.notifyProjectChangeListeners(ProjectRegistryManager.java:777) [org.eclipse.m2e.core_1.10.0.20181127-2120.jar:na]
	at org.eclipse.m2e.core.internal.project.registry.ProjectRegistryManager.applyMutableProjectRegistry(ProjectRegistryManager.java:921) [org.eclipse.m2e.core_1.10.0.20181127-2120.jar:na]
	at org.eclipse.m2e.core.internal.project.registry.ProjectRegistryRefreshJob$1.call(ProjectRegistryRefreshJob.java:98) [org.eclipse.m2e.core_1.10.0.20181127-2120.jar:na]
	at org.eclipse.m2e.core.internal.project.registry.ProjectRegistryRefreshJob$1.call(ProjectRegistryRefreshJob.java:1) [org.eclipse.m2e.core_1.10.0.20181127-2120.jar:na]
	at org.eclipse.m2e.core.internal.embedder.MavenExecutionContext.executeBare(MavenExecutionContext.java:177) [org.eclipse.m2e.core_1.10.0.20181127-2120.jar:na]
	at org.eclipse.m2e.core.internal.embedder.MavenExecutionContext.execute(MavenExecutionContext.java:151) [org.eclipse.m2e.core_1.10.0.20181127-2120.jar:na]
	at org.eclipse.m2e.core.internal.embedder.MavenExecutionContext.execute(MavenExecutionContext.java:99) [org.eclipse.m2e.core_1.10.0.20181127-2120.jar:na]
	at org.eclipse.m2e.core.internal.embedder.MavenImpl.execute(MavenImpl.java:1336) [org.eclipse.m2e.core_1.10.0.20181127-2120.jar:na]
	at org.eclipse.m2e.core.internal.project.registry.ProjectRegistryRefreshJob.run(ProjectRegistryRefreshJob.java:81) [org.eclipse.m2e.core_1.10.0.20181127-2120.jar:na]
	at org.eclipse.core.internal.jobs.Worker.run(Worker.java:63) [org.eclipse.core.jobs_3.10.200.v20180912-1356.jar:na]
2019-03-11 17:58:21,824 [Worker-13: Updating Maven Dependencies] ERROR o.e.m.j.i.l.MavenLaunchConfigurationListener - Launch configuration HistogramGenerator references non-existing project gradeshistogram.
org.eclipse.core.runtime.CoreException: Launch configuration HistogramGenerator references non-existing project gradeshistogram.
	at org.eclipse.jdt.launching.JavaRuntime.abort(JavaRuntime.java:1838) ~[org.eclipse.jdt.launching_3.12.0.v20181119-1621.jar:na]
	at org.eclipse.jdt.launching.JavaRuntime.getJavaProject(JavaRuntime.java:1713) ~[org.eclipse.jdt.launching_3.12.0.v20181119-1621.jar:na]
	at org.eclipse.m2e.jdt.internal.launch.MavenLaunchConfigurationListener.updateLaunchConfiguration(MavenLaunchConfigurationListener.java:53) [org.eclipse.m2e.jdt_1.10.0.20181127-2120.jar:na]
	at org.eclipse.m2e.jdt.internal.launch.MavenLaunchConfigurationListener.launchConfigurationChanged(MavenLaunchConfigurationListener.java:38) [org.eclipse.m2e.jdt_1.10.0.20181127-2120.jar:na]
	at org.eclipse.debug.internal.core.LaunchManager$ConfigurationNotifier.run(LaunchManager.java:225) [org.eclipse.debug.core_3.13.100.v20181201-1650.jar:na]
	at org.eclipse.core.runtime.SafeRunner.run(SafeRunner.java:45) [org.eclipse.equinox.common_3.10.200.v20181021-1645.jar:na]
	at org.eclipse.debug.internal.core.LaunchManager$ConfigurationNotifier.notify(LaunchManager.java:209) [org.eclipse.debug.core_3.13.100.v20181201-1650.jar:na]
	at org.eclipse.debug.internal.core.LaunchConfigurationWorkingCopy.setDirty(LaunchConfigurationWorkingCopy.java:528) [org.eclipse.debug.core_3.13.100.v20181201-1650.jar:na]
	at org.eclipse.debug.internal.core.LaunchConfigurationWorkingCopy.setAttribute(LaunchConfigurationWorkingCopy.java:416) [org.eclipse.debug.core_3.13.100.v20181201-1650.jar:na]
	at org.eclipse.m2e.jdt.internal.launch.MavenRuntimeClasspathProvider.disable(MavenRuntimeClasspathProvider.java:353) [org.eclipse.m2e.jdt_1.10.0.20181127-2120.jar:na]
	at org.eclipse.m2e.jdt.internal.launch.MavenRuntimeClasspathProvider.disable(MavenRuntimeClasspathProvider.java:378) [org.eclipse.m2e.jdt_1.10.0.20181127-2120.jar:na]
	at org.eclipse.m2e.jdt.internal.launch.MavenLaunchConfigurationListener.mavenProjectChanged(MavenLaunchConfigurationListener.java:70) [org.eclipse.m2e.jdt_1.10.0.20181127-2120.jar:na]
	at org.eclipse.m2e.core.internal.project.registry.ProjectRegistryManager.notifyProjectChangeListeners(ProjectRegistryManager.java:777) [org.eclipse.m2e.core_1.10.0.20181127-2120.jar:na]
	at org.eclipse.m2e.core.internal.project.registry.ProjectRegistryManager.applyMutableProjectRegistry(ProjectRegistryManager.java:921) [org.eclipse.m2e.core_1.10.0.20181127-2120.jar:na]
	at org.eclipse.m2e.core.internal.project.registry.ProjectRegistryRefreshJob$1.call(ProjectRegistryRefreshJob.java:98) [org.eclipse.m2e.core_1.10.0.20181127-2120.jar:na]
	at org.eclipse.m2e.core.internal.project.registry.ProjectRegistryRefreshJob$1.call(ProjectRegistryRefreshJob.java:1) [org.eclipse.m2e.core_1.10.0.20181127-2120.jar:na]
	at org.eclipse.m2e.core.internal.embedder.MavenExecutionContext.executeBare(MavenExecutionContext.java:177) [org.eclipse.m2e.core_1.10.0.20181127-2120.jar:na]
	at org.eclipse.m2e.core.internal.embedder.MavenExecutionContext.execute(MavenExecutionContext.java:151) [org.eclipse.m2e.core_1.10.0.20181127-2120.jar:na]
	at org.eclipse.m2e.core.internal.embedder.MavenExecutionContext.execute(MavenExecutionContext.java:99) [org.eclipse.m2e.core_1.10.0.20181127-2120.jar:na]
	at org.eclipse.m2e.core.internal.embedder.MavenImpl.execute(MavenImpl.java:1336) [org.eclipse.m2e.core_1.10.0.20181127-2120.jar:na]
	at org.eclipse.m2e.core.internal.project.registry.ProjectRegistryRefreshJob.run(ProjectRegistryRefreshJob.java:81) [org.eclipse.m2e.core_1.10.0.20181127-2120.jar:na]
	at org.eclipse.core.internal.jobs.Worker.run(Worker.java:63) [org.eclipse.core.jobs_3.10.200.v20180912-1356.jar:na]
2019-03-11 17:58:21,852 [Worker-13: Updating Maven Dependencies] ERROR o.e.m.j.i.l.MavenLaunchConfigurationListener - Launch configuration HistogramGenerator references non-existing project gradeshistogram.
org.eclipse.core.runtime.CoreException: Launch configuration HistogramGenerator references non-existing project gradeshistogram.
	at org.eclipse.jdt.launching.JavaRuntime.abort(JavaRuntime.java:1838) ~[org.eclipse.jdt.launching_3.12.0.v20181119-1621.jar:na]
	at org.eclipse.jdt.launching.JavaRuntime.getJavaProject(JavaRuntime.java:1713) ~[org.eclipse.jdt.launching_3.12.0.v20181119-1621.jar:na]
	at org.eclipse.m2e.jdt.internal.launch.MavenLaunchConfigurationListener.updateLaunchConfiguration(MavenLaunchConfigurationListener.java:53) [org.eclipse.m2e.jdt_1.10.0.20181127-2120.jar:na]
	at org.eclipse.m2e.jdt.internal.launch.MavenLaunchConfigurationListener.launchConfigurationChanged(MavenLaunchConfigurationListener.java:38) [org.eclipse.m2e.jdt_1.10.0.20181127-2120.jar:na]
	at org.eclipse.debug.internal.core.LaunchManager$ConfigurationNotifier.run(LaunchManager.java:225) [org.eclipse.debug.core_3.13.100.v20181201-1650.jar:na]
	at org.eclipse.core.runtime.SafeRunner.run(SafeRunner.java:45) [org.eclipse.equinox.common_3.10.200.v20181021-1645.jar:na]
	at org.eclipse.debug.internal.core.LaunchManager$ConfigurationNotifier.notify(LaunchManager.java:209) [org.eclipse.debug.core_3.13.100.v20181201-1650.jar:na]
	at org.eclipse.debug.internal.core.LaunchManager.launchConfigurationChanged(LaunchManager.java:2151) [org.eclipse.debug.core_3.13.100.v20181201-1650.jar:na]
	at org.eclipse.debug.internal.core.LaunchConfigurationWorkingCopy.writeNewFile(LaunchConfigurationWorkingCopy.java:381) [org.eclipse.debug.core_3.13.100.v20181201-1650.jar:na]
	at org.eclipse.debug.internal.core.LaunchConfigurationWorkingCopy.doSave0(LaunchConfigurationWorkingCopy.java:258) [org.eclipse.debug.core_3.13.100.v20181201-1650.jar:na]
	at org.eclipse.debug.internal.core.LaunchConfigurationWorkingCopy.doSave(LaunchConfigurationWorkingCopy.java:228) [org.eclipse.debug.core_3.13.100.v20181201-1650.jar:na]
	at org.eclipse.debug.internal.core.LaunchConfigurationWorkingCopy.doSave(LaunchConfigurationWorkingCopy.java:186) [org.eclipse.debug.core_3.13.100.v20181201-1650.jar:na]
	at org.eclipse.m2e.jdt.internal.launch.MavenRuntimeClasspathProvider.disable(MavenRuntimeClasspathProvider.java:354) [org.eclipse.m2e.jdt_1.10.0.20181127-2120.jar:na]
	at org.eclipse.m2e.jdt.internal.launch.MavenRuntimeClasspathProvider.disable(MavenRuntimeClasspathProvider.java:378) [org.eclipse.m2e.jdt_1.10.0.20181127-2120.jar:na]
	at org.eclipse.m2e.jdt.internal.launch.MavenLaunchConfigurationListener.mavenProjectChanged(MavenLaunchConfigurationListener.java:70) [org.eclipse.m2e.jdt_1.10.0.20181127-2120.jar:na]
	at org.eclipse.m2e.core.internal.project.registry.ProjectRegistryManager.notifyProjectChangeListeners(ProjectRegistryManager.java:777) [org.eclipse.m2e.core_1.10.0.20181127-2120.jar:na]
	at org.eclipse.m2e.core.internal.project.registry.ProjectRegistryManager.applyMutableProjectRegistry(ProjectRegistryManager.java:921) [org.eclipse.m2e.core_1.10.0.20181127-2120.jar:na]
	at org.eclipse.m2e.core.internal.project.registry.ProjectRegistryRefreshJob$1.call(ProjectRegistryRefreshJob.java:98) [org.eclipse.m2e.core_1.10.0.20181127-2120.jar:na]
	at org.eclipse.m2e.core.internal.project.registry.ProjectRegistryRefreshJob$1.call(ProjectRegistryRefreshJob.java:1) [org.eclipse.m2e.core_1.10.0.20181127-2120.jar:na]
	at org.eclipse.m2e.core.internal.embedder.MavenExecutionContext.executeBare(MavenExecutionContext.java:177) [org.eclipse.m2e.core_1.10.0.20181127-2120.jar:na]
	at org.eclipse.m2e.core.internal.embedder.MavenExecutionContext.execute(MavenExecutionContext.java:151) [org.eclipse.m2e.core_1.10.0.20181127-2120.jar:na]
	at org.eclipse.m2e.core.internal.embedder.MavenExecutionContext.execute(MavenExecutionContext.java:99) [org.eclipse.m2e.core_1.10.0.20181127-2120.jar:na]
	at org.eclipse.m2e.core.internal.embedder.MavenImpl.execute(MavenImpl.java:1336) [org.eclipse.m2e.core_1.10.0.20181127-2120.jar:na]
	at org.eclipse.m2e.core.internal.project.registry.ProjectRegistryRefreshJob.run(ProjectRegistryRefreshJob.java:81) [org.eclipse.m2e.core_1.10.0.20181127-2120.jar:na]
	at org.eclipse.core.internal.jobs.Worker.run(Worker.java:63) [org.eclipse.core.jobs_3.10.200.v20180912-1356.jar:na]
2019-03-11 17:58:40,715 [Worker-4: Building workspace] INFO  o.e.m.c.i.l.LifecycleMappingFactory - Using org.eclipse.m2e.jdt.JarLifecycleMapping lifecycle mapping for MavenProject: gr.aueb.dmst:gradeshistogram:0.0.1-SNAPSHOT @ C:\Users\John\GradesPresentation\gradeshistogram\pom.xml.
2019-03-11 17:58:41,745 [Worker-4: Building workspace] WARN  o.e.m.c.i.embedder.EclipseLogger - Using platform encoding (Cp1253 actually) to copy filtered resources, i.e. build is platform dependent!
2019-03-11 17:58:41,793 [Worker-4: Building workspace] INFO  o.e.m.c.i.embedder.EclipseLogger - Copying 0 resource
2019-03-11 17:58:41,796 [Worker-4: Building workspace] WARN  o.e.m.c.i.embedder.EclipseLogger - Using platform encoding (Cp1253 actually) to copy filtered resources, i.e. build is platform dependent!
2019-03-11 17:58:41,829 [Worker-4: Building workspace] INFO  o.e.m.c.i.embedder.EclipseLogger - Copying 0 resource
2019-03-11 17:58:43,243 [Worker-9: Building workspace] WARN  o.e.m.c.i.embedder.EclipseLogger - Using platform encoding (Cp1253 actually) to copy filtered resources, i.e. build is platform dependent!
2019-03-11 17:58:43,356 [Worker-9: Building workspace] INFO  o.e.m.c.i.embedder.EclipseLogger - Copying 0 resource
2019-03-11 17:58:43,369 [Worker-9: Building workspace] WARN  o.e.m.c.i.embedder.EclipseLogger - Using platform encoding (Cp1253 actually) to copy filtered resources, i.e. build is platform dependent!
2019-03-11 17:58:43,391 [Worker-9: Building workspace] INFO  o.e.m.c.i.embedder.EclipseLogger - Copying 0 resource
2019-03-11 17:58:56,377 [Worker-14: Launching Executing install in C__Users_John_GradesPresentation_gradeshistogram] INFO  o.e.m.i.launch.MavenLaunchDelegate - C:\Users\John\GradesPresentation\gradeshistogram
2019-03-11 17:58:56,384 [Worker-14: Launching Executing install in C__Users_John_GradesPresentation_gradeshistogram] INFO  o.e.m.i.launch.MavenLaunchDelegate -  mvn -B install
2019-03-11 17:59:00,698 [Worker-14: Building workspace] WARN  o.e.m.c.i.embedder.EclipseLogger - Using platform encoding (Cp1253 actually) to copy filtered resources, i.e. build is platform dependent!
2019-03-11 17:59:00,719 [Worker-14: Building workspace] INFO  o.e.m.c.i.embedder.EclipseLogger - Copying 0 resource
2019-03-11 17:59:00,728 [Worker-14: Building workspace] WARN  o.e.m.c.i.embedder.EclipseLogger - Using platform encoding (Cp1253 actually) to copy filtered resources, i.e. build is platform dependent!
2019-03-11 17:59:00,769 [Worker-14: Building workspace] INFO  o.e.m.c.i.embedder.EclipseLogger - Copying 0 resource
2019-03-11 18:01:18,968 [Worker-14: Updating Maven Dependencies] ERROR o.e.m.j.i.l.MavenLaunchConfigurationListener - Launch configuration HistogramGenerator references non-existing project gradeshistogram.
org.eclipse.core.runtime.CoreException: Launch configuration HistogramGenerator references non-existing project gradeshistogram.
	at org.eclipse.jdt.launching.JavaRuntime.abort(JavaRuntime.java:1838) ~[org.eclipse.jdt.launching_3.12.0.v20181119-1621.jar:na]
	at org.eclipse.jdt.launching.JavaRuntime.getJavaProject(JavaRuntime.java:1713) ~[org.eclipse.jdt.launching_3.12.0.v20181119-1621.jar:na]
	at org.eclipse.m2e.jdt.internal.launch.MavenLaunchConfigurationListener.updateLaunchConfiguration(MavenLaunchConfigurationListener.java:53) [org.eclipse.m2e.jdt_1.10.0.20181127-2120.jar:na]
	at org.eclipse.m2e.jdt.internal.launch.MavenLaunchConfigurationListener.launchConfigurationChanged(MavenLaunchConfigurationListener.java:38) [org.eclipse.m2e.jdt_1.10.0.20181127-2120.jar:na]
	at org.eclipse.debug.internal.core.LaunchManager$ConfigurationNotifier.run(LaunchManager.java:225) [org.eclipse.debug.core_3.13.100.v20181201-1650.jar:na]
	at org.eclipse.core.runtime.SafeRunner.run(SafeRunner.java:45) [org.eclipse.equinox.common_3.10.200.v20181021-1645.jar:na]
	at org.eclipse.debug.internal.core.LaunchManager$ConfigurationNotifier.notify(LaunchManager.java:209) [org.eclipse.debug.core_3.13.100.v20181201-1650.jar:na]
	at org.eclipse.debug.internal.core.LaunchConfigurationWorkingCopy.setDirty(LaunchConfigurationWorkingCopy.java:528) [org.eclipse.debug.core_3.13.100.v20181201-1650.jar:na]
	at org.eclipse.debug.internal.core.LaunchConfigurationWorkingCopy.setAttribute(LaunchConfigurationWorkingCopy.java:416) [org.eclipse.debug.core_3.13.100.v20181201-1650.jar:na]
	at org.eclipse.m2e.jdt.internal.launch.MavenRuntimeClasspathProvider.disable(MavenRuntimeClasspathProvider.java:352) [org.eclipse.m2e.jdt_1.10.0.20181127-2120.jar:na]
	at org.eclipse.m2e.jdt.internal.launch.MavenRuntimeClasspathProvider.disable(MavenRuntimeClasspathProvider.java:378) [org.eclipse.m2e.jdt_1.10.0.20181127-2120.jar:na]
	at org.eclipse.m2e.jdt.internal.launch.MavenLaunchConfigurationListener.mavenProjectChanged(MavenLaunchConfigurationListener.java:70) [org.eclipse.m2e.jdt_1.10.0.20181127-2120.jar:na]
	at org.eclipse.m2e.core.internal.project.registry.ProjectRegistryManager.notifyProjectChangeListeners(ProjectRegistryManager.java:777) [org.eclipse.m2e.core_1.10.0.20181127-2120.jar:na]
	at org.eclipse.m2e.core.internal.project.registry.ProjectRegistryManager.applyMutableProjectRegistry(ProjectRegistryManager.java:921) [org.eclipse.m2e.core_1.10.0.20181127-2120.jar:na]
	at org.eclipse.m2e.core.internal.project.registry.ProjectRegistryRefreshJob$1.call(ProjectRegistryRefreshJob.java:98) [org.eclipse.m2e.core_1.10.0.20181127-2120.jar:na]
	at org.eclipse.m2e.core.internal.project.registry.ProjectRegistryRefreshJob$1.call(ProjectRegistryRefreshJob.java:1) [org.eclipse.m2e.core_1.10.0.20181127-2120.jar:na]
	at org.eclipse.m2e.core.internal.embedder.MavenExecutionContext.executeBare(MavenExecutionContext.java:177) [org.eclipse.m2e.core_1.10.0.20181127-2120.jar:na]
	at org.eclipse.m2e.core.internal.embedder.MavenExecutionContext.execute(MavenExecutionContext.java:151) [org.eclipse.m2e.core_1.10.0.20181127-2120.jar:na]
	at org.eclipse.m2e.core.internal.embedder.MavenExecutionContext.execute(MavenExecutionContext.java:99) [org.eclipse.m2e.core_1.10.0.20181127-2120.jar:na]
	at org.eclipse.m2e.core.internal.embedder.MavenImpl.execute(MavenImpl.java:1336) [org.eclipse.m2e.core_1.10.0.20181127-2120.jar:na]
	at org.eclipse.m2e.core.internal.project.registry.ProjectRegistryRefreshJob.run(ProjectRegistryRefreshJob.java:81) [org.eclipse.m2e.core_1.10.0.20181127-2120.jar:na]
	at org.eclipse.core.internal.jobs.Worker.run(Worker.java:63) [org.eclipse.core.jobs_3.10.200.v20180912-1356.jar:na]
2019-03-11 18:01:18,985 [Worker-14: Updating Maven Dependencies] ERROR o.e.m.j.i.l.MavenLaunchConfigurationListener - Launch configuration HistogramGenerator references non-existing project gradeshistogram.
org.eclipse.core.runtime.CoreException: Launch configuration HistogramGenerator references non-existing project gradeshistogram.
	at org.eclipse.jdt.launching.JavaRuntime.abort(JavaRuntime.java:1838) ~[org.eclipse.jdt.launching_3.12.0.v20181119-1621.jar:na]
	at org.eclipse.jdt.launching.JavaRuntime.getJavaProject(JavaRuntime.java:1713) ~[org.eclipse.jdt.launching_3.12.0.v20181119-1621.jar:na]
	at org.eclipse.m2e.jdt.internal.launch.MavenLaunchConfigurationListener.updateLaunchConfiguration(MavenLaunchConfigurationListener.java:53) [org.eclipse.m2e.jdt_1.10.0.20181127-2120.jar:na]
	at org.eclipse.m2e.jdt.internal.launch.MavenLaunchConfigurationListener.launchConfigurationChanged(MavenLaunchConfigurationListener.java:38) [org.eclipse.m2e.jdt_1.10.0.20181127-2120.jar:na]
	at org.eclipse.debug.internal.core.LaunchManager$ConfigurationNotifier.run(LaunchManager.java:225) [org.eclipse.debug.core_3.13.100.v20181201-1650.jar:na]
	at org.eclipse.core.runtime.SafeRunner.run(SafeRunner.java:45) [org.eclipse.equinox.common_3.10.200.v20181021-1645.jar:na]
	at org.eclipse.debug.internal.core.LaunchManager$ConfigurationNotifier.notify(LaunchManager.java:209) [org.eclipse.debug.core_3.13.100.v20181201-1650.jar:na]
	at org.eclipse.debug.internal.core.LaunchConfigurationWorkingCopy.setDirty(LaunchConfigurationWorkingCopy.java:528) [org.eclipse.debug.core_3.13.100.v20181201-1650.jar:na]
	at org.eclipse.debug.internal.core.LaunchConfigurationWorkingCopy.setAttribute(LaunchConfigurationWorkingCopy.java:416) [org.eclipse.debug.core_3.13.100.v20181201-1650.jar:na]
	at org.eclipse.m2e.jdt.internal.launch.MavenRuntimeClasspathProvider.disable(MavenRuntimeClasspathProvider.java:353) [org.eclipse.m2e.jdt_1.10.0.20181127-2120.jar:na]
	at org.eclipse.m2e.jdt.internal.launch.MavenRuntimeClasspathProvider.disable(MavenRuntimeClasspathProvider.java:378) [org.eclipse.m2e.jdt_1.10.0.20181127-2120.jar:na]
	at org.eclipse.m2e.jdt.internal.launch.MavenLaunchConfigurationListener.mavenProjectChanged(MavenLaunchConfigurationListener.java:70) [org.eclipse.m2e.jdt_1.10.0.20181127-2120.jar:na]
	at org.eclipse.m2e.core.internal.project.registry.ProjectRegistryManager.notifyProjectChangeListeners(ProjectRegistryManager.java:777) [org.eclipse.m2e.core_1.10.0.20181127-2120.jar:na]
	at org.eclipse.m2e.core.internal.project.registry.ProjectRegistryManager.applyMutableProjectRegistry(ProjectRegistryManager.java:921) [org.eclipse.m2e.core_1.10.0.20181127-2120.jar:na]
	at org.eclipse.m2e.core.internal.project.registry.ProjectRegistryRefreshJob$1.call(ProjectRegistryRefreshJob.java:98) [org.eclipse.m2e.core_1.10.0.20181127-2120.jar:na]
	at org.eclipse.m2e.core.internal.project.registry.ProjectRegistryRefreshJob$1.call(ProjectRegistryRefreshJob.java:1) [org.eclipse.m2e.core_1.10.0.20181127-2120.jar:na]
	at org.eclipse.m2e.core.internal.embedder.MavenExecutionContext.executeBare(MavenExecutionContext.java:177) [org.eclipse.m2e.core_1.10.0.20181127-2120.jar:na]
	at org.eclipse.m2e.core.internal.embedder.MavenExecutionContext.execute(MavenExecutionContext.java:151) [org.eclipse.m2e.core_1.10.0.20181127-2120.jar:na]
	at org.eclipse.m2e.core.internal.embedder.MavenExecutionContext.execute(MavenExecutionContext.java:99) [org.eclipse.m2e.core_1.10.0.20181127-2120.jar:na]
	at org.eclipse.m2e.core.internal.embedder.MavenImpl.execute(MavenImpl.java:1336) [org.eclipse.m2e.core_1.10.0.20181127-2120.jar:na]
	at org.eclipse.m2e.core.internal.project.registry.ProjectRegistryRefreshJob.run(ProjectRegistryRefreshJob.java:81) [org.eclipse.m2e.core_1.10.0.20181127-2120.jar:na]
	at org.eclipse.core.internal.jobs.Worker.run(Worker.java:63) [org.eclipse.core.jobs_3.10.200.v20180912-1356.jar:na]
2019-03-11 18:01:19,007 [Worker-14: Updating Maven Dependencies] ERROR o.e.m.j.i.l.MavenLaunchConfigurationListener - Launch configuration HistogramGenerator references non-existing project gradeshistogram.
org.eclipse.core.runtime.CoreException: Launch configuration HistogramGenerator references non-existing project gradeshistogram.
	at org.eclipse.jdt.launching.JavaRuntime.abort(JavaRuntime.java:1838) ~[org.eclipse.jdt.launching_3.12.0.v20181119-1621.jar:na]
	at org.eclipse.jdt.launching.JavaRuntime.getJavaProject(JavaRuntime.java:1713) ~[org.eclipse.jdt.launching_3.12.0.v20181119-1621.jar:na]
	at org.eclipse.m2e.jdt.internal.launch.MavenLaunchConfigurationListener.updateLaunchConfiguration(MavenLaunchConfigurationListener.java:53) [org.eclipse.m2e.jdt_1.10.0.20181127-2120.jar:na]
	at org.eclipse.m2e.jdt.internal.launch.MavenLaunchConfigurationListener.launchConfigurationChanged(MavenLaunchConfigurationListener.java:38) [org.eclipse.m2e.jdt_1.10.0.20181127-2120.jar:na]
	at org.eclipse.debug.internal.core.LaunchManager$ConfigurationNotifier.run(LaunchManager.java:225) [org.eclipse.debug.core_3.13.100.v20181201-1650.jar:na]
	at org.eclipse.core.runtime.SafeRunner.run(SafeRunner.java:45) [org.eclipse.equinox.common_3.10.200.v20181021-1645.jar:na]
	at org.eclipse.debug.internal.core.LaunchManager$ConfigurationNotifier.notify(LaunchManager.java:209) [org.eclipse.debug.core_3.13.100.v20181201-1650.jar:na]
	at org.eclipse.debug.internal.core.LaunchManager.launchConfigurationChanged(LaunchManager.java:2151) [org.eclipse.debug.core_3.13.100.v20181201-1650.jar:na]
	at org.eclipse.debug.internal.core.LaunchConfigurationWorkingCopy.writeNewFile(LaunchConfigurationWorkingCopy.java:381) [org.eclipse.debug.core_3.13.100.v20181201-1650.jar:na]
	at org.eclipse.debug.internal.core.LaunchConfigurationWorkingCopy.doSave0(LaunchConfigurationWorkingCopy.java:258) [org.eclipse.debug.core_3.13.100.v20181201-1650.jar:na]
	at org.eclipse.debug.internal.core.LaunchConfigurationWorkingCopy.doSave(LaunchConfigurationWorkingCopy.java:228) [org.eclipse.debug.core_3.13.100.v20181201-1650.jar:na]
	at org.eclipse.debug.internal.core.LaunchConfigurationWorkingCopy.doSave(LaunchConfigurationWorkingCopy.java:186) [org.eclipse.debug.core_3.13.100.v20181201-1650.jar:na]
	at org.eclipse.m2e.jdt.internal.launch.MavenRuntimeClasspathProvider.disable(MavenRuntimeClasspathProvider.java:354) [org.eclipse.m2e.jdt_1.10.0.20181127-2120.jar:na]
	at org.eclipse.m2e.jdt.internal.launch.MavenRuntimeClasspathProvider.disable(MavenRuntimeClasspathProvider.java:378) [org.eclipse.m2e.jdt_1.10.0.20181127-2120.jar:na]
	at org.eclipse.m2e.jdt.internal.launch.MavenLaunchConfigurationListener.mavenProjectChanged(MavenLaunchConfigurationListener.java:70) [org.eclipse.m2e.jdt_1.10.0.20181127-2120.jar:na]
	at org.eclipse.m2e.core.internal.project.registry.ProjectRegistryManager.notifyProjectChangeListeners(ProjectRegistryManager.java:777) [org.eclipse.m2e.core_1.10.0.20181127-2120.jar:na]
	at org.eclipse.m2e.core.internal.project.registry.ProjectRegistryManager.applyMutableProjectRegistry(ProjectRegistryManager.java:921) [org.eclipse.m2e.core_1.10.0.20181127-2120.jar:na]
	at org.eclipse.m2e.core.internal.project.registry.ProjectRegistryRefreshJob$1.call(ProjectRegistryRefreshJob.java:98) [org.eclipse.m2e.core_1.10.0.20181127-2120.jar:na]
	at org.eclipse.m2e.core.internal.project.registry.ProjectRegistryRefreshJob$1.call(ProjectRegistryRefreshJob.java:1) [org.eclipse.m2e.core_1.10.0.20181127-2120.jar:na]
	at org.eclipse.m2e.core.internal.embedder.MavenExecutionContext.executeBare(MavenExecutionContext.java:177) [org.eclipse.m2e.core_1.10.0.20181127-2120.jar:na]
	at org.eclipse.m2e.core.internal.embedder.MavenExecutionContext.execute(MavenExecutionContext.java:151) [org.eclipse.m2e.core_1.10.0.20181127-2120.jar:na]
	at org.eclipse.m2e.core.internal.embedder.MavenExecutionContext.execute(MavenExecutionContext.java:99) [org.eclipse.m2e.core_1.10.0.20181127-2120.jar:na]
	at org.eclipse.m2e.core.internal.embedder.MavenImpl.execute(MavenImpl.java:1336) [org.eclipse.m2e.core_1.10.0.20181127-2120.jar:na]
	at org.eclipse.m2e.core.internal.project.registry.ProjectRegistryRefreshJob.run(ProjectRegistryRefreshJob.java:81) [org.eclipse.m2e.core_1.10.0.20181127-2120.jar:na]
	at org.eclipse.core.internal.jobs.Worker.run(Worker.java:63) [org.eclipse.core.jobs_3.10.200.v20180912-1356.jar:na]
2019-03-11 18:01:42,103 [Worker-13: Importing Maven projects] INFO  o.e.m.c.i.l.LifecycleMappingFactory - Using org.eclipse.m2e.jdt.JarLifecycleMapping lifecycle mapping for MavenProject: gr.aueb.dmst:gradeshistogram:0.0.1-SNAPSHOT @ C:\Users\John\GradesPresentation\gradeshistogram\pom.xml.
2019-03-11 18:01:42,438 [Worker-13: Importing Maven projects] INFO  o.e.m.j.i.AbstractJavaProjectConfigurator - Adding source folder /gradeshistogram/src/main/java
2019-03-11 18:01:42,448 [Worker-13: Importing Maven projects] INFO  o.e.m.j.i.AbstractJavaProjectConfigurator - Adding resource folder /gradeshistogram/src/main/resources
2019-03-11 18:01:42,457 [Worker-13: Importing Maven projects] INFO  o.e.m.j.i.AbstractJavaProjectConfigurator - Adding source folder /gradeshistogram/src/test/java
2019-03-11 18:01:42,468 [Worker-13: Importing Maven projects] INFO  o.e.m.j.i.AbstractJavaProjectConfigurator - Adding resource folder /gradeshistogram/src/test/resources
2019-03-11 18:01:42,525 [Worker-13: Importing Maven projects] INFO  o.e.m.c.i.p.ProjectConfigurationManager - Imported and configured 1 project(s) in 1 sec
2019-03-11 18:01:42,927 [Worker-13: Building workspace] WARN  o.e.m.c.i.embedder.EclipseLogger - Using platform encoding (Cp1253 actually) to copy filtered resources, i.e. build is platform dependent!
2019-03-11 18:01:42,945 [Worker-13: Building workspace] INFO  o.e.m.c.i.embedder.EclipseLogger - Copying 0 resource
2019-03-11 18:01:42,948 [Worker-13: Building workspace] WARN  o.e.m.c.i.embedder.EclipseLogger - Using platform encoding (Cp1253 actually) to copy filtered resources, i.e. build is platform dependent!
2019-03-11 18:01:42,958 [Worker-13: Building workspace] INFO  o.e.m.c.i.embedder.EclipseLogger - Copying 0 resource
2019-03-11 18:01:50,657 [Worker-14: Launching Executing install in C__Users_John_GradesPresentation_gradeshistogram] INFO  o.e.m.i.launch.MavenLaunchDelegate - C:\Users\John\GradesPresentation\gradeshistogram
2019-03-11 18:01:50,657 [Worker-14: Launching Executing install in C__Users_John_GradesPresentation_gradeshistogram] INFO  o.e.m.i.launch.MavenLaunchDelegate -  mvn -B install
2019-03-11 18:01:56,822 [Worker-9: Building workspace] WARN  o.e.m.c.i.embedder.EclipseLogger - Using platform encoding (Cp1253 actually) to copy filtered resources, i.e. build is platform dependent!
2019-03-11 18:01:56,841 [Worker-9: Building workspace] INFO  o.e.m.c.i.embedder.EclipseLogger - Copying 0 resource
2019-03-11 18:01:56,853 [Worker-9: Building workspace] WARN  o.e.m.c.i.embedder.EclipseLogger - Using platform encoding (Cp1253 actually) to copy filtered resources, i.e. build is platform dependent!
2019-03-11 18:01:56,862 [Worker-9: Building workspace] INFO  o.e.m.c.i.embedder.EclipseLogger - Copying 0 resource
2019-03-11 18:46:16,717 [Worker-4: Building workspace] WARN  o.e.m.c.i.embedder.EclipseLogger - Using platform encoding (Cp1253 actually) to copy filtered resources, i.e. build is platform dependent!
2019-03-11 18:46:16,738 [Worker-4: Building workspace] INFO  o.e.m.c.i.embedder.EclipseLogger - Copying 0 resource
2019-03-11 18:46:16,769 [Worker-4: Building workspace] WARN  o.e.m.c.i.embedder.EclipseLogger - Using platform encoding (Cp1253 actually) to copy filtered resources, i.e. build is platform dependent!
2019-03-11 18:46:16,814 [Worker-4: Building workspace] INFO  o.e.m.c.i.embedder.EclipseLogger - Copying 0 resource
